#-----------------------------------------------------------
# Vivado v2024.1 (64-bit)
# SW Build 5076996 on Wed May 22 18:37:14 MDT 2024
# IP Build 5075265 on Wed May 22 21:45:21 MDT 2024
# SharedData Build 5076995 on Wed May 22 18:29:18 MDT 2024
# Start of session at: Sat Dec 27 08:21:11 2025
# Process ID: 17448
# Current directory: E:/UOM/UOM_ACA_5/DSD/project/cache_group
# Command line: vivado.exe -gui_launcher_event rodinguilauncherevent18988 E:\UOM\UOM_ACA_5\DSD\project\cache_group\cache_group.xpr
# Log file: E:/UOM/UOM_ACA_5/DSD/project/cache_group/vivado.log
# Journal file: E:/UOM/UOM_ACA_5/DSD/project/cache_group\vivado.jou
# Running On        :LAPTOP-UDU8USLV
# Platform          :Windows Server 2016 or Windows 10
# Operating System  :26100
# Processor Detail  :11th Gen Intel(R) Core(TM) i7-1165G7 @ 2.80GHz
# CPU Frequency     :2803 MHz
# CPU Physical cores:4
# CPU Logical cores :8
# Host memory       :8269 MB
# Swap memory       :10147 MB
# Total Virtual     :18416 MB
# Available Virtual :8106 MB
#-----------------------------------------------------------
start_gui
open_project E:/UOM/UOM_ACA_5/DSD/project/cache_group/cache_group.xpr
WARNING: [Board 49-91] Board repository path 'C:/Users/Bathiya' does not exist, it will not be used to search board files.
WARNING: [Board 49-91] Board repository path 'C:/Users/Bathiya' does not exist, it will not be used to search board files.
WARNING: [Board 49-91] Board repository path 'c:/Users/Bathiya' does not exist, it will not be used to search board files.
WARNING: [Board 49-91] Board repository path 'c:/Users/Bathiya' does not exist, it will not be used to search board files.
WARNING: [Board 49-91] Board repository path 'e:/FPGA_course/sequence_detect/ACA' does not exist, it will not be used to search board files.
WARNING: [Board 49-91] Board repository path 'e:/FPGA_course/sequence_detect/5/DSD/In' does not exist, it will not be used to search board files.
WARNING: [Board 49-91] Board repository path 'e:/FPGA_course/sequence_detect/ACA' does not exist, it will not be used to search board files.
WARNING: [Board 49-91] Board repository path 'e:/FPGA_course/sequence_detect/class/overlapping_sequence_detector/Dissanayake/AppData/Roaming/Xilinx/Vivado/Dissanayake/AppData/Roaming/Xilinx/Vivado/Dissanayake/AppData/Roaming/Xilinx/Vivado/ACA' does not exist, it will not be used to search board files.
WARNING: [Board 49-91] Board repository path 'e:/FPGA_course/sequence_detect/5/DSD/In' does not exist, it will not be used to search board files.
WARNING: [Board 49-91] Board repository path 'e:/FPGA_course/sequence_detect/class/overlapping_sequence_detector/Dissanayake/AppData/Roaming/Xilinx/Vivado/Dissanayake/AppData/Roaming/Xilinx/Vivado/Dissanayake/AppData/Roaming/Xilinx/Vivado/5/DSD/In' does not exist, it will not be used to search board files.
WARNING: [Board 49-91] Board repository path 'e:/FPGA_course/sequence_detect/class/overlapping_sequence_detector/Dissanayake/AppData/Roaming/Xilinx/Vivado/Dissanayake/AppData/Roaming/Xilinx/Vivado/Dissanayake/AppData/Roaming/Xilinx/Vivado/ACA' does not exist, it will not be used to search board files.
WARNING: [Board 49-91] Board repository path 'e:/FPGA_course/sequence_detect/class/overlapping_sequence_detector/Dissanayake/AppData/Roaming/Xilinx/Vivado/Dissanayake/AppData/Roaming/Xilinx/Vivado/Dissanayake/AppData/Roaming/Xilinx/Vivado/class/overlap_sequence_detector/ACA' does not exist, it will not be used to search board files.
WARNING: [Board 49-91] Board repository path 'e:/FPGA_course/sequence_detect/class/overlapping_sequence_detector/Dissanayake/AppData/Roaming/Xilinx/Vivado/Dissanayake/AppData/Roaming/Xilinx/Vivado/Dissanayake/AppData/Roaming/Xilinx/Vivado/5/DSD/In' does not exist, it will not be used to search board files.
WARNING: [Board 49-91] Board repository path 'e:/FPGA_course/sequence_detect/class/overlapping_sequence_detector/Dissanayake/AppData/Roaming/Xilinx/Vivado/Dissanayake/AppData/Roaming/Xilinx/Vivado/Dissanayake/AppData/Roaming/Xilinx/Vivado/class/overlap_sequence_detector/5/DSD/In' does not exist, it will not be used to search board files.
WARNING: [Board 49-91] Board repository path 'e:/FPGA_course/sequence_detect/class/overlapping_sequence_detector/Dissanayake/AppData/Roaming/Xilinx/Vivado/Dissanayake/AppData/Roaming/Xilinx/Vivado/Dissanayake/AppData/Roaming/Xilinx/Vivado/class/overlap_sequence_detector/ACA' does not exist, it will not be used to search board files.
WARNING: [Board 49-91] Board repository path 'e:/FPGA_course/sequence_detect/class/overlapping_sequence_detector/Dissanayake/AppData/Roaming/Xilinx/Vivado/Dissanayake/AppData/Roaming/Xilinx/Vivado/Dissanayake/AppData/Roaming/Xilinx/Vivado/class/overlap_sequence_detector/class/overlap_sequence_detector/Dissanayake/AppData/Roaming/Xilinx/Vivado/ACA' does not exist, it will not be used to search board files.
WARNING: [Board 49-91] Board repository path 'e:/FPGA_course/sequence_detect/class/overlapping_sequence_detector/Dissanayake/AppData/Roaming/Xilinx/Vivado/Dissanayake/AppData/Roaming/Xilinx/Vivado/Dissanayake/AppData/Roaming/Xilinx/Vivado/class/overlap_sequence_detector/5/DSD/In' does not exist, it will not be used to search board files.
WARNING: [Board 49-91] Board repository path 'e:/FPGA_course/sequence_detect/class/overlapping_sequence_detector/Dissanayake/AppData/Roaming/Xilinx/Vivado/Dissanayake/AppData/Roaming/Xilinx/Vivado/Dissanayake/AppData/Roaming/Xilinx/Vivado/class/overlap_sequence_detector/class/overlap_sequence_detector/Dissanayake/AppData/Roaming/Xilinx/Vivado/5/DSD/In' does not exist, it will not be used to search board files.
WARNING: [Board 49-91] Board repository path 'e:/FPGA_course/sequence_detect/class/overlapping_sequence_detector/Dissanayake/AppData/Roaming/Xilinx/Vivado/Dissanayake/AppData/Roaming/Xilinx/Vivado/Dissanayake/AppData/Roaming/Xilinx/Vivado/class/overlap_sequence_detector/class/overlap_sequence_detector/Dissanayake/AppData/Roaming/Xilinx/Vivado/ACA' does not exist, it will not be used to search board files.
WARNING: [Board 49-91] Board repository path 'e:/FPGA_course/sequence_detect/class/overlapping_sequence_detector/Dissanayake/AppData/Roaming/Xilinx/Vivado/Dissanayake/AppData/Roaming/Xilinx/Vivado/Dissanayake/AppData/Roaming/Xilinx/Vivado/class/overlap_sequence_detector/class/overlap_sequence_detector/Dissanayake/AppData/Roaming/Xilinx/Vivado/class/overlap_sequence_detector/ACA' does not exist, it will not be used to search board files.
WARNING: [Board 49-91] Board repository path 'e:/FPGA_course/sequence_detect/class/overlapping_sequence_detector/Dissanayake/AppData/Roaming/Xilinx/Vivado/Dissanayake/AppData/Roaming/Xilinx/Vivado/Dissanayake/AppData/Roaming/Xilinx/Vivado/class/overlap_sequence_detector/class/overlap_sequence_detector/Dissanayake/AppData/Roaming/Xilinx/Vivado/5/DSD/In' does not exist, it will not be used to search board files.
WARNING: [Board 49-91] Board repository path 'e:/FPGA_course/sequence_detect/class/overlapping_sequence_detector/Dissanayake/AppData/Roaming/Xilinx/Vivado/Dissanayake/AppData/Roaming/Xilinx/Vivado/Dissanayake/AppData/Roaming/Xilinx/Vivado/class/overlap_sequence_detector/class/overlap_sequence_detector/Dissanayake/AppData/Roaming/Xilinx/Vivado/class/overlap_sequence_detector/5/DSD/In' does not exist, it will not be used to search board files.
WARNING: [Board 49-91] Board repository path 'e:/FPGA_course/sequence_detect/class/overlapping_sequence_detector/Dissanayake/AppData/Roaming/Xilinx/Vivado/Dissanayake/AppData/Roaming/Xilinx/Vivado/Dissanayake/AppData/Roaming/Xilinx/Vivado/class/overlap_sequence_detector/class/overlap_sequence_detector/Dissanayake/AppData/Roaming/Xilinx/Vivado/class/overlap_sequence_detector/class/overlap_sequence_detector/Dissanayake/AppData/Roaming/Xilinx/Vivado/Dissanayake/AppData/Roaming/Xilinx/Vivado/Dissanayake/AppData/Roaming/Xilinx/Vivado/Dissanayake/AppData/Roaming/Xilinx/Vivado/Dissanayake/AppData/Roaming/Xilinx/Vivado/Dissanayake/AppData/Roaming/Xilinx/Vivado/Dissanayake/AppData/Roaming/Xilinx/Vivado/Dissanayake/AppData/Roaming/Xilinx/Vivado/Dissanayake/AppData/Roaming/Xilinx/Vivado/Dissanayake/AppData/Roaming/Xilinx/Vivado/Dissanayake/Downloads/vivado-boards-master/vivado-boards-master/new/board_files' does not exist, it will not be used to search board files.
WARNING: [Board 49-91] Board repository path 'e:/FPGA_course/sequence_detect/class/overlapping_sequence_detector/Dissanayake/AppData/Roaming/Xilinx/Vivado/Dissanayake/AppData/Roaming/Xilinx/Vivado/Dissanayake/AppData/Roaming/Xilinx/Vivado/class/overlap_sequence_detector/class/overlap_sequence_detector/Dissanayake/AppData/Roaming/Xilinx/Vivado/class/overlap_sequence_detector/ACA' does not exist, it will not be used to search board files.
WARNING: [Board 49-91] Board repository path 'e:/FPGA_course/sequence_detect/class/overlapping_sequence_detector/Dissanayake/AppData/Roaming/Xilinx/Vivado/Dissanayake/AppData/Roaming/Xilinx/Vivado/Dissanayake/AppData/Roaming/Xilinx/Vivado/class/overlap_sequence_detector/class/overlap_sequence_detector/Dissanayake/AppData/Roaming/Xilinx/Vivado/class/overlap_sequence_detector/5/DSD/In' does not exist, it will not be used to search board files.
WARNING: [Board 49-91] Board repository path 'e:/FPGA_course/sequence_detect/class/overlapping_sequence_detector/Dissanayake/AppData/Roaming/Xilinx/Vivado/Dissanayake/AppData/Roaming/Xilinx/Vivado/Dissanayake/AppData/Roaming/Xilinx/Vivado/class/overlap_sequence_detector/class/overlap_sequence_detector/Dissanayake/AppData/Roaming/Xilinx/Vivado/class/overlap_sequence_detector/class/overlap_sequence_detector/Dissanayake/AppData/Roaming/Xilinx/Vivado/Dissanayake/AppData/Roaming/Xilinx/Vivado/Dissanayake/AppData/Roaming/Xilinx/Vivado/Dissanayake/AppData/Roaming/Xilinx/Vivado/Dissanayake/AppData/Roaming/Xilinx/Vivado/Dissanayake/AppData/Roaming/Xilinx/Vivado/Dissanayake/AppData/Roaming/Xilinx/Vivado/Dissanayake/AppData/Roaming/Xilinx/Vivado/Dissanayake/AppData/Roaming/Xilinx/Vivado/Dissanayake/AppData/Roaming/Xilinx/Vivado/Dissanayake/Downloads/vivado-boards-master/vivado-boards-master/new/board_files' does not exist, it will not be used to search board files.
WARNING: [Board 49-26] cannot add Board Part xilinx.com:kcu116:part0:1.4 available at E:/xillinx/Vivado/2024.1/data/xhub/boards/XilinxBoardStore/boards/Xilinx/kcu116/1.4/board.xml as part xcku5p-ffvb676-2-e specified in board_part file is either invalid or not available
WARNING: [Board 49-26] cannot add Board Part xilinx.com:kcu116:part0:1.5 available at E:/xillinx/Vivado/2024.1/data/xhub/boards/XilinxBoardStore/boards/Xilinx/kcu116/1.5/board.xml as part xcku5p-ffvb676-2-e specified in board_part file is either invalid or not available
WARNING: [Board 49-26] cannot add Board Part xilinx.com:vck190:part0:2.2 available at E:/xillinx/Vivado/2024.1/data/xhub/boards/XilinxBoardStore/boards/Xilinx/vck190/production/2.2/board.xml as part xcvc1902-vsva2197-2mp-e-s specified in board_part file is either invalid or not available
WARNING: [Board 49-26] cannot add Board Part xilinx.com:vck190:part0:3.0 available at E:/xillinx/Vivado/2024.1/data/xhub/boards/XilinxBoardStore/boards/Xilinx/vck190/production/3.0/board.xml as part xcvc1902-vsva2197-2mp-e-s specified in board_part file is either invalid or not available
WARNING: [Board 49-26] cannot add Board Part xilinx.com:vck190:part0:3.1 available at E:/xillinx/Vivado/2024.1/data/xhub/boards/XilinxBoardStore/boards/Xilinx/vck190/production/3.1/board.xml as part xcvc1902-vsva2197-2mp-e-s specified in board_part file is either invalid or not available
WARNING: [Board 49-26] cannot add Board Part xilinx.com:vck190:part0:3.2 available at E:/xillinx/Vivado/2024.1/data/xhub/boards/XilinxBoardStore/boards/Xilinx/vck190/production/3.2/board.xml as part xcvc1902-vsva2197-2mp-e-s specified in board_part file is either invalid or not available
WARNING: [Board 49-26] cannot add Board Part xilinx.com:vck190:part0:3.3 available at E:/xillinx/Vivado/2024.1/data/xhub/boards/XilinxBoardStore/boards/Xilinx/vck190/production/3.3/board.xml as part xcvc1902-vsva2197-2mp-e-s specified in board_part file is either invalid or not available
WARNING: [Board 49-26] cannot add Board Part xilinx.com:vck190_newl:part0:1.0 available at E:/xillinx/Vivado/2024.1/data/xhub/boards/XilinxBoardStore/boards/Xilinx/vck190_newl/production/1.0/board.xml as part xcvc1902-vsva2197-2mp-e-s specified in board_part file is either invalid or not available
WARNING: [Board 49-26] cannot add Board Part xilinx.com:vck190_newl:part0:1.1 available at E:/xillinx/Vivado/2024.1/data/xhub/boards/XilinxBoardStore/boards/Xilinx/vck190_newl/production/1.1/board.xml as part xcvc1902-vsva2197-2mp-e-s specified in board_part file is either invalid or not available
WARNING: [Board 49-26] cannot add Board Part xilinx.com:vck190_newl:part0:1.2 available at E:/xillinx/Vivado/2024.1/data/xhub/boards/XilinxBoardStore/boards/Xilinx/vck190_newl/production/1.2/board.xml as part xcvc1902-vsva2197-2mp-e-s specified in board_part file is either invalid or not available
WARNING: [Board 49-26] cannot add Board Part xilinx.com:vcu108:part0:1.6 available at E:/xillinx/Vivado/2024.1/data/xhub/boards/XilinxBoardStore/boards/Xilinx/vcu108/1.6/board.xml as part xcvu095-ffva2104-2-e specified in board_part file is either invalid or not available
WARNING: [Board 49-26] cannot add Board Part xilinx.com:vcu108:part0:1.7 available at E:/xillinx/Vivado/2024.1/data/xhub/boards/XilinxBoardStore/boards/Xilinx/vcu108/1.7/board.xml as part xcvu095-ffva2104-2-e specified in board_part file is either invalid or not available
WARNING: [Board 49-26] cannot add Board Part xilinx.com:vcu110:part0:1.4 available at E:/xillinx/Vivado/2024.1/data/xhub/boards/XilinxBoardStore/boards/Xilinx/vcu110/1.4/board.xml as part xcvu190-flgc2104-2-e specified in board_part file is either invalid or not available
WARNING: [Board 49-26] cannot add Board Part xilinx.com:vcu128:part0:1.0 available at E:/xillinx/Vivado/2024.1/data/xhub/boards/XilinxBoardStore/boards/Xilinx/vcu128/production/1.0/board.xml as part xcvu37p-fsvh2892-2l-e specified in board_part file is either invalid or not available
WARNING: [Board 49-26] cannot add Board Part xilinx.com:vcu129:part0:1.0 available at E:/xillinx/Vivado/2024.1/data/xhub/boards/XilinxBoardStore/boards/Xilinx/vcu129/production/1.0/board.xml as part xcvu29p-fsga2577-2l-e specified in board_part file is either invalid or not available
WARNING: [Board 49-26] cannot add Board Part xilinx.com:vek280:part0:1.0 available at E:/xillinx/Vivado/2024.1/data/xhub/boards/XilinxBoardStore/boards/Xilinx/vek280/production/1.0/board.xml as part xcve2802-vsvh1760-2mp-e-s specified in board_part file is either invalid or not available
WARNING: [Board 49-26] cannot add Board Part xilinx.com:vek280:part0:1.1 available at E:/xillinx/Vivado/2024.1/data/xhub/boards/XilinxBoardStore/boards/Xilinx/vek280/production/1.1/board.xml as part xcve2802-vsvh1760-2mp-e-s specified in board_part file is either invalid or not available
WARNING: [Board 49-26] cannot add Board Part xilinx.com:vek280:part0:1.2 available at E:/xillinx/Vivado/2024.1/data/xhub/boards/XilinxBoardStore/boards/Xilinx/vek280/production/1.2/board.xml as part xcve2802-vsvh1760-2mp-e-s specified in board_part file is either invalid or not available
WARNING: [Board 49-26] cannot add Board Part xilinx.com:vek280_es:part0:1.0 available at E:/xillinx/Vivado/2024.1/data/xhub/boards/XilinxBoardStore/boards/Xilinx/vek280/es/rev_a/1.0/board.xml as part xcve2802-vsvh1760-2lp-e-s-es1 specified in board_part file is either invalid or not available
WARNING: [Board 49-26] cannot add Board Part xilinx.com:vek280_es:part0:1.1 available at E:/xillinx/Vivado/2024.1/data/xhub/boards/XilinxBoardStore/boards/Xilinx/vek280/es/rev_a/1.1/board.xml as part xcve2802-vsvh1760-2lp-e-s-es1 specified in board_part file is either invalid or not available
WARNING: [Board 49-26] cannot add Board Part xilinx.com:vek280_es_revb:part0:1.0 available at E:/xillinx/Vivado/2024.1/data/xhub/boards/XilinxBoardStore/boards/Xilinx/vek280/es/rev_b/1.0/board.xml as part xcve2802-vsvh1760-2mp-e-s-es1 specified in board_part file is either invalid or not available
WARNING: [Board 49-26] cannot add Board Part xilinx.com:vek280_es_revb:part0:1.1 available at E:/xillinx/Vivado/2024.1/data/xhub/boards/XilinxBoardStore/boards/Xilinx/vek280/es/rev_b/1.1/board.xml as part xcve2802-vsvh1760-2mp-e-s-es1 specified in board_part file is either invalid or not available
WARNING: [Board 49-26] cannot add Board Part xilinx.com:vhk158:part0:1.0 available at E:/xillinx/Vivado/2024.1/data/xhub/boards/XilinxBoardStore/boards/Xilinx/vhk158/production/1.0/board.xml as part xcvh1582-vsva3697-2mp-e-s specified in board_part file is either invalid or not available
WARNING: [Board 49-26] cannot add Board Part xilinx.com:vhk158:part0:1.1 available at E:/xillinx/Vivado/2024.1/data/xhub/boards/XilinxBoardStore/boards/Xilinx/vhk158/production/1.1/board.xml as part xcvh1582-vsva3697-2mp-e-s specified in board_part file is either invalid or not available
WARNING: [Board 49-26] cannot add Board Part xilinx.com:vhk158_es:part0:1.0 available at E:/xillinx/Vivado/2024.1/data/xhub/boards/XilinxBoardStore/boards/Xilinx/vhk158/es/1.0/board.xml as part xcvh1582-vsva3697-2mp-e-s-es1 specified in board_part file is either invalid or not available
WARNING: [Board 49-26] cannot add Board Part xilinx.com:vhk158_es:part0:1.1 available at E:/xillinx/Vivado/2024.1/data/xhub/boards/XilinxBoardStore/boards/Xilinx/vhk158/es/1.1/board.xml as part xcvh1582-vsva3697-2mp-e-s-es1 specified in board_part file is either invalid or not available
WARNING: [Board 49-26] cannot add Board Part xilinx.com:vmk180:part0:2.2 available at E:/xillinx/Vivado/2024.1/data/xhub/boards/XilinxBoardStore/boards/Xilinx/vmk180/production/2.2/board.xml as part xcvm1802-vsva2197-2mp-e-s specified in board_part file is either invalid or not available
WARNING: [Board 49-26] cannot add Board Part xilinx.com:vmk180:part0:3.0 available at E:/xillinx/Vivado/2024.1/data/xhub/boards/XilinxBoardStore/boards/Xilinx/vmk180/production/3.0/board.xml as part xcvm1802-vsva2197-2mp-e-s specified in board_part file is either invalid or not available
WARNING: [Board 49-26] cannot add Board Part xilinx.com:vmk180:part0:3.1 available at E:/xillinx/Vivado/2024.1/data/xhub/boards/XilinxBoardStore/boards/Xilinx/vmk180/production/3.1/board.xml as part xcvm1802-vsva2197-2mp-e-s specified in board_part file is either invalid or not available
WARNING: [Board 49-26] cannot add Board Part xilinx.com:vmk180:part0:3.2 available at E:/xillinx/Vivado/2024.1/data/xhub/boards/XilinxBoardStore/boards/Xilinx/vmk180/production/3.2/board.xml as part xcvm1802-vsva2197-2mp-e-s specified in board_part file is either invalid or not available
WARNING: [Board 49-26] cannot add Board Part xilinx.com:vmk180_newl:part0:1.0 available at E:/xillinx/Vivado/2024.1/data/xhub/boards/XilinxBoardStore/boards/Xilinx/vmk180_newl/production/1.0/board.xml as part xcvm1802-vsva2197-2mp-e-s specified in board_part file is either invalid or not available
WARNING: [Board 49-26] cannot add Board Part xilinx.com:vmk180_newl:part0:1.1 available at E:/xillinx/Vivado/2024.1/data/xhub/boards/XilinxBoardStore/boards/Xilinx/vmk180_newl/production/1.1/board.xml as part xcvm1802-vsva2197-2mp-e-s specified in board_part file is either invalid or not available
WARNING: [Board 49-26] cannot add Board Part xilinx.com:vpk120:part0:1.0 available at E:/xillinx/Vivado/2024.1/data/xhub/boards/XilinxBoardStore/boards/Xilinx/vpk120/production/1.0/board.xml as part xcvp1202-vsva2785-2mp-e-s specified in board_part file is either invalid or not available
WARNING: [Board 49-26] cannot add Board Part xilinx.com:vpk120:part0:1.1 available at E:/xillinx/Vivado/2024.1/data/xhub/boards/XilinxBoardStore/boards/Xilinx/vpk120/production/1.1/board.xml as part xcvp1202-vsva2785-2mp-e-s specified in board_part file is either invalid or not available
WARNING: [Board 49-26] cannot add Board Part xilinx.com:vpk120:part0:1.2 available at E:/xillinx/Vivado/2024.1/data/xhub/boards/XilinxBoardStore/boards/Xilinx/vpk120/production/1.2/board.xml as part xcvp1202-vsva2785-2mp-e-s specified in board_part file is either invalid or not available
WARNING: [Board 49-26] cannot add Board Part xilinx.com:vpk180:part0:1.0 available at E:/xillinx/Vivado/2024.1/data/xhub/boards/XilinxBoardStore/boards/Xilinx/vpk180/production/1.0/board.xml as part xcvp1802-lsvc4072-2mp-e-s specified in board_part file is either invalid or not available
WARNING: [Board 49-26] cannot add Board Part xilinx.com:vpk180:part0:1.1 available at E:/xillinx/Vivado/2024.1/data/xhub/boards/XilinxBoardStore/boards/Xilinx/vpk180/production/1.1/board.xml as part xcvp1802-lsvc4072-2mp-e-s specified in board_part file is either invalid or not available
WARNING: [Board 49-26] cannot add Board Part xilinx.com:vpk180:part0:1.2 available at E:/xillinx/Vivado/2024.1/data/xhub/boards/XilinxBoardStore/boards/Xilinx/vpk180/production/1.2/board.xml as part xcvp1802-lsvc4072-2mp-e-s specified in board_part file is either invalid or not available
WARNING: [Board 49-26] cannot add Board Part xilinx.com:zcu208ld:part0:2.0 available at E:/xillinx/Vivado/2024.1/data/xhub/boards/XilinxBoardStore/boards/Xilinx/zcu208ld/production/2.0/board.xml as part xczu58dr-fsvg1517-2-i specified in board_part file is either invalid or not available
WARNING: [Board 49-26] cannot add Board Part xilinx.com:zcu216ld:part0:2.0 available at E:/xillinx/Vivado/2024.1/data/xhub/boards/XilinxBoardStore/boards/Xilinx/zcu216ld/production/2.0/board.xml as part xczu59dr-ffvf1760-2-i specified in board_part file is either invalid or not available
WARNING: [Board 49-26] cannot add Board Part xilinx.com:zcu670ld:part0:1.0 available at E:/xillinx/Vivado/2024.1/data/xhub/boards/XilinxBoardStore/boards/Xilinx/zcu670ld/1.0/board.xml as part xczu57dr-fsve1156-2-i specified in board_part file is either invalid or not available
INFO: [filemgmt 56-3] Default IP Output Path : Could not find the directory 'E:/UOM/UOM_ACA_5/DSD/project/cache_group/cache_group.gen/sources_1'.
CRITICAL WARNING: [Project 1-19] Could not find the file 'E:/UOM/UOM_ACA_5/DSD/project/cache_group/top.sv'.
Scanning sources...
Finished scanning sources
INFO: [IP_Flow 19-234] Refreshing IP repositories
INFO: [IP_Flow 19-1704] No user IP repositories specified
INFO: [IP_Flow 19-2313] Loaded Vivado IP repository 'E:/xillinx/Vivado/2024.1/data/ip'.
open_project: Time (s): cpu = 00:00:53 ; elapsed = 00:00:27 . Memory (MB): peak = 1618.809 ; gain = 512.457
update_compile_order -fileset sources_1
add_files -norecurse E:/UOM/UOM_ACA_5/DSD/project/cache_group/blk_mem_gen_0.xci
WARNING: [IP_Flow 19-2162] IP 'blk_mem_gen_0' is locked:
* IP definition 'Block Memory Generator (8.4)' for IP 'blk_mem_gen_0' (customized with software release 2025.1) has a different revision in the IP Catalog.
WARNING: [Vivado 12-13650] The IP file 'E:/UOM/UOM_ACA_5/DSD/project/cache_group/blk_mem_gen_0.xci' has been moved from its original location, as a result the outputs for this IP will now be generated in 'e:/UOM/bramMod.gen/sources_1/ip/blk_mem_gen_0'. Alternatively a copy of the IP can be imported into the project using one of the 'import_ip' or 'import_files' commands.
export_ip_user_files -of_objects  [get_files  E:/UOM/UOM_ACA_5/DSD/project/cache_group/blk_mem_gen_0.xci] -lib_map_path [list {modelsim=E:/UOM/UOM_ACA_5/DSD/project/cache_group/cache_group.cache/compile_simlib/modelsim} {questa=E:/UOM/UOM_ACA_5/DSD/project/cache_group/cache_group.cache/compile_simlib/questa} {riviera=E:/UOM/UOM_ACA_5/DSD/project/cache_group/cache_group.cache/compile_simlib/riviera} {activehdl=E:/UOM/UOM_ACA_5/DSD/project/cache_group/cache_group.cache/compile_simlib/activehdl}] -force -quiet
add_files -norecurse {E:/UOM/UOM_ACA_5/DSD/project/cache_group/topBRAM.sv E:/UOM/UOM_ACA_5/DSD/project/cache_group/top.sv}
WARNING: [filemgmt 56-12] File 'E:/UOM/UOM_ACA_5/DSD/project/cache_group/top.sv' cannot be added to the project because it already exists in the project, skipping this file
update_compile_order -fileset sources_1
WARNING: [Vivado 12-4172] The following IPs are either missing output products or output products are not up-to-date. Since these IPs are locked, no update to the output products cant be done. 
Please select 'Report IP Status' from the 'Tools/Report' menu or run Tcl command 'report_ip_status' for more information.
E:/UOM/UOM_ACA_5/DSD/project/cache_group/blk_mem_gen_0.xci

synth_design -top FPGACacheSystem -part xc7z010clg400-1 -lint 
Command: synth_design -top FPGACacheSystem -part xc7z010clg400-1 -lint
Starting synth_design
WARNING: [Vivado_Tcl 4-391] The following IPs are missing output products for Synthesis target. These output products could be required for synthesis, please generate the output products using the generate_target or synth_ip command before running synth_design.
E:/UOM/UOM_ACA_5/DSD/project/cache_group/blk_mem_gen_0.xci

WARNING: [IP_Flow 19-2162] IP 'blk_mem_gen_0' is locked:
* IP definition 'Block Memory Generator (8.4)' for IP 'blk_mem_gen_0' (customized with software release 2025.1) has a different revision in the IP Catalog.
Attempting to get a license for feature 'Synthesis' and/or device 'xc7z010'
INFO: [Common 17-349] Got license for feature 'Synthesis' and/or device 'xc7z010'
INFO: [Synth 8-7079] Multithreading enabled for synth_design using a maximum of 2 processes.
INFO: [Synth 8-7078] Launching helper process for spawning children vivado processes
INFO: [Synth 8-7075] Helper process launched with PID 14780
---------------------------------------------------------------------------------
Starting Synthesize : Time (s): cpu = 00:00:05 ; elapsed = 00:00:06 . Memory (MB): peak = 2079.293 ; gain = 426.887
---------------------------------------------------------------------------------
Clean up Linter database...
INFO: [Synth 8-6157] synthesizing module 'FPGACacheSystem' [E:/UOM/UOM_ACA_5/DSD/project/cache_group/top.sv:3]
INFO: [Synth 8-6157] synthesizing module 'clkdiv' [E:/UOM/UOM_ACA_5/DSD/project/cache_group/clkDiv.sv:3]
	Parameter timer1limit bound to: 50 - type: integer 
INFO: [Synth 8-6155] done synthesizing module 'clkdiv' (1#1) [E:/UOM/UOM_ACA_5/DSD/project/cache_group/clkDiv.sv:3]
INFO: [Synth 8-6157] synthesizing module 'receiver' [E:/UOM/UOM_ACA_5/DSD/project/cache_group/receiver.sv:3]
	Parameter CLKS_PER_BIT bound to: 11 - type: integer 
INFO: [Synth 8-6155] done synthesizing module 'receiver' (2#1) [E:/UOM/UOM_ACA_5/DSD/project/cache_group/receiver.sv:3]
INFO: [Synth 8-6157] synthesizing module 'transmitter' [E:/UOM/UOM_ACA_5/DSD/project/cache_group/transmitter.sv:3]
	Parameter CLKS_PER_BIT bound to: 11 - type: integer 
INFO: [Synth 8-6155] done synthesizing module 'transmitter' (3#1) [E:/UOM/UOM_ACA_5/DSD/project/cache_group/transmitter.sv:3]
INFO: [Synth 8-6157] synthesizing module 'FourWaySetAssociativeCache' [E:/UOM/UOM_ACA_5/DSD/project/cache_group/FourWaySetAssociativeCache.sv:150]
INFO: [Synth 8-6157] synthesizing module 'tagMems_512x6' [E:/UOM/UOM_ACA_5/DSD/project/cache_group/FourWaySetAssociativeCache.sv:59]
WARNING: [Synth 8-6014] Unused sequential element _R0_en_d0_reg was removed.  [E:/UOM/UOM_ACA_5/DSD/project/cache_group/FourWaySetAssociativeCache.sv:74]
INFO: [Synth 8-6155] done synthesizing module 'tagMems_512x6' (4#1) [E:/UOM/UOM_ACA_5/DSD/project/cache_group/FourWaySetAssociativeCache.sv:59]
INFO: [Synth 8-6157] synthesizing module 'dataMems_4096x8' [E:/UOM/UOM_ACA_5/DSD/project/cache_group/FourWaySetAssociativeCache.sv:105]
WARNING: [Synth 8-6014] Unused sequential element _R0_en_d0_reg was removed.  [E:/UOM/UOM_ACA_5/DSD/project/cache_group/FourWaySetAssociativeCache.sv:120]
INFO: [Synth 8-6155] done synthesizing module 'dataMems_4096x8' (5#1) [E:/UOM/UOM_ACA_5/DSD/project/cache_group/FourWaySetAssociativeCache.sv:105]
INFO: [Synth 8-6155] done synthesizing module 'FourWaySetAssociativeCache' (6#1) [E:/UOM/UOM_ACA_5/DSD/project/cache_group/FourWaySetAssociativeCache.sv:150]
INFO: [Synth 8-6157] synthesizing module 'MemoryController' [E:/UOM/UOM_ACA_5/DSD/project/cache_group/topBRAM.sv:3]
ERROR: [Synth 8-439] module 'blk_mem_gen_0' not found [E:/UOM/UOM_ACA_5/DSD/project/cache_group/topBRAM.sv:57]
ERROR: [Synth 8-6156] failed synthesizing module 'MemoryController' [E:/UOM/UOM_ACA_5/DSD/project/cache_group/topBRAM.sv:3]
ERROR: [Synth 8-6156] failed synthesizing module 'FPGACacheSystem' [E:/UOM/UOM_ACA_5/DSD/project/cache_group/top.sv:3]
---------------------------------------------------------------------------------
Finished Synthesize : Time (s): cpu = 00:00:26 ; elapsed = 00:00:27 . Memory (MB): peak = 3093.316 ; gain = 1440.910
---------------------------------------------------------------------------------
synthesize failed
INFO: [Common 17-83] Releasing license: Synthesis
19 Infos, 4 Warnings, 0 Critical Warnings and 3 Errors encountered.
synth_design completed successfully
synth_design: Time (s): cpu = 00:00:26 ; elapsed = 00:00:28 . Memory (MB): peak = 3093.316 ; gain = 1440.910
ERROR: [Common 17-39] 'synth_design' failed due to earlier errors.
WARNING: [IP_Flow 19-4067] Ignoring invalid widget type specified checkbox.Providing a default widget
WARNING: [IP_Flow 19-4067] Ignoring invalid widget type specified checkbox.Providing a default widget
create_ip -name blk_mem_gen -vendor xilinx.com -library ip -version 8.4 -module_name blk_mem_gen_1
set_property -dict [list \
  CONFIG.Fill_Remaining_Memory_Locations {true} \
  CONFIG.Load_Init_File {false} \
  CONFIG.Write_Depth_A {65536} \
  CONFIG.Write_Width_A {32} \
] [get_ips blk_mem_gen_1]
WARNING: [filemgmt 56-199] Attempt to get parsing info during refresh. "On-the-fly" syntax checking information may be incorrect. [E:\UOM\UOM_ACA_5\DSD\project\cache_group\top.sv:]
WARNING: [filemgmt 56-199] Attempt to get parsing info during refresh. "On-the-fly" syntax checking information may be incorrect. [E:\UOM\UOM_ACA_5\DSD\project\cache_group\topBRAM.sv:]
WARNING: [filemgmt 56-199] Attempt to get parsing info during refresh. "On-the-fly" syntax checking information may be incorrect. [E:\UOM\UOM_ACA_5\DSD\project\cache_group\topBRAM.sv:]
WARNING: [filemgmt 56-199] Attempt to get parsing info during refresh. "On-the-fly" syntax checking information may be incorrect. [E:\UOM\UOM_ACA_5\DSD\project\cache_group\topBRAM.sv:]
generate_target {instantiation_template} [get_files e:/UOM/UOM_ACA_5/DSD/project/cache_group/cache_group.srcs/sources_1/ip/blk_mem_gen_1/blk_mem_gen_1.xci]
INFO: [IP_Flow 19-1686] Generating 'Instantiation Template' target for IP 'blk_mem_gen_1'...
ERROR: [Common 17-180] Spawn failed: No error
WARNING: [filemgmt 56-199] Attempt to get parsing info during refresh. "On-the-fly" syntax checking information may be incorrect. [E:\UOM\UOM_ACA_5\DSD\project\cache_group\top.sv:]
WARNING: [filemgmt 56-199] Attempt to get parsing info during refresh. "On-the-fly" syntax checking information may be incorrect. [E:\UOM\UOM_ACA_5\DSD\project\cache_group\topBRAM.sv:]
WARNING: [filemgmt 56-199] Attempt to get parsing info during refresh. "On-the-fly" syntax checking information may be incorrect. [E:\UOM\UOM_ACA_5\DSD\project\cache_group\topBRAM.sv:]
WARNING: [filemgmt 56-199] Attempt to get parsing info during refresh. "On-the-fly" syntax checking information may be incorrect. [E:\UOM\UOM_ACA_5\DSD\project\cache_group\topBRAM.sv:]
ERROR: [Common 17-180] Spawn failed: No error
update_compile_order -fileset sources_1
generate_target all [get_files  e:/UOM/UOM_ACA_5/DSD/project/cache_group/cache_group.srcs/sources_1/ip/blk_mem_gen_1/blk_mem_gen_1.xci]
INFO: [IP_Flow 19-1686] Generating 'Synthesis' target for IP 'blk_mem_gen_1'...
WARNING: [filemgmt 56-199] Attempt to get parsing info during refresh. "On-the-fly" syntax checking information may be incorrect. [E:\UOM\UOM_ACA_5\DSD\project\cache_group\top.sv:]
WARNING: [filemgmt 56-199] Attempt to get parsing info during refresh. "On-the-fly" syntax checking information may be incorrect. [E:\UOM\UOM_ACA_5\DSD\project\cache_group\topBRAM.sv:]
WARNING: [filemgmt 56-199] Attempt to get parsing info during refresh. "On-the-fly" syntax checking information may be incorrect. [E:\UOM\UOM_ACA_5\DSD\project\cache_group\topBRAM.sv:]
WARNING: [filemgmt 56-199] Attempt to get parsing info during refresh. "On-the-fly" syntax checking information may be incorrect. [E:\UOM\UOM_ACA_5\DSD\project\cache_group\topBRAM.sv:]
INFO: [IP_Flow 19-1686] Generating 'Simulation' target for IP 'blk_mem_gen_1'...
INFO: [IP_Flow 19-1686] Generating 'Miscellaneous' target for IP 'blk_mem_gen_1'...
INFO: [IP_Flow 19-1686] Generating 'Change Log' target for IP 'blk_mem_gen_1'...
ERROR: [Common 17-180] Spawn failed: No error
catch { config_ip_cache -export [get_ips -all blk_mem_gen_1] }
INFO: [IP_Flow 19-6924] IPCACHE: Running cache check for IP inst: blk_mem_gen_1
export_ip_user_files -of_objects [get_files e:/UOM/UOM_ACA_5/DSD/project/cache_group/cache_group.srcs/sources_1/ip/blk_mem_gen_1/blk_mem_gen_1.xci] -no_script -sync -force -quiet
INFO: [Vivado 12-23855] The given sub-design is auto disabled, no action will be taken: 'e:/UOM/UOM_ACA_5/DSD/project/cache_group/cache_group.srcs/sources_1/ip/blk_mem_gen_1/blk_mem_gen_1.xci'
export_simulation -of_objects [get_files e:/UOM/UOM_ACA_5/DSD/project/cache_group/cache_group.srcs/sources_1/ip/blk_mem_gen_1/blk_mem_gen_1.xci] -directory E:/UOM/UOM_ACA_5/DSD/project/cache_group/cache_group.ip_user_files/sim_scripts -ip_user_files_dir E:/UOM/UOM_ACA_5/DSD/project/cache_group/cache_group.ip_user_files -ipstatic_source_dir E:/UOM/UOM_ACA_5/DSD/project/cache_group/cache_group.ip_user_files/ipstatic -lib_map_path [list {modelsim=E:/UOM/UOM_ACA_5/DSD/project/cache_group/cache_group.cache/compile_simlib/modelsim} {questa=E:/UOM/UOM_ACA_5/DSD/project/cache_group/cache_group.cache/compile_simlib/questa} {riviera=E:/UOM/UOM_ACA_5/DSD/project/cache_group/cache_group.cache/compile_simlib/riviera} {activehdl=E:/UOM/UOM_ACA_5/DSD/project/cache_group/cache_group.cache/compile_simlib/activehdl}] -use_ip_compiled_libs -force -quiet
WARNING: [filemgmt 56-199] Attempt to get parsing info during refresh. "On-the-fly" syntax checking information may be incorrect. [E:\UOM\UOM_ACA_5\DSD\project\cache_group\top.sv:]
WARNING: [filemgmt 56-199] Attempt to get parsing info during refresh. "On-the-fly" syntax checking information may be incorrect. [E:\UOM\UOM_ACA_5\DSD\project\cache_group\topBRAM.sv:]
WARNING: [filemgmt 56-199] Attempt to get parsing info during refresh. "On-the-fly" syntax checking information may be incorrect. [E:\UOM\UOM_ACA_5\DSD\project\cache_group\topBRAM.sv:]
WARNING: [filemgmt 56-199] Attempt to get parsing info during refresh. "On-the-fly" syntax checking information may be incorrect. [E:\UOM\UOM_ACA_5\DSD\project\cache_group\topBRAM.sv:]
ERROR: [Common 17-180] Spawn failed: No error
update_compile_order -fileset sources_1
WARNING: [filemgmt 56-199] Attempt to get parsing info during refresh. "On-the-fly" syntax checking information may be incorrect. [E:\UOM\UOM_ACA_5\DSD\project\cache_group\top.sv:]
WARNING: [filemgmt 56-199] Attempt to get parsing info during refresh. "On-the-fly" syntax checking information may be incorrect. [E:\UOM\UOM_ACA_5\DSD\project\cache_group\topBRAM.sv:]
WARNING: [filemgmt 56-199] Attempt to get parsing info during refresh. "On-the-fly" syntax checking information may be incorrect. [E:\UOM\UOM_ACA_5\DSD\project\cache_group\topBRAM.sv:]
WARNING: [filemgmt 56-199] Attempt to get parsing info during refresh. "On-the-fly" syntax checking information may be incorrect. [E:\UOM\UOM_ACA_5\DSD\project\cache_group\topBRAM.sv:]
ERROR: [Common 17-180] Spawn failed: No error
export_ip_user_files -of_objects  [get_files E:/UOM/UOM_ACA_5/DSD/project/cache_group/blk_mem_gen_0.xci] -no_script -reset -force -quiet
remove_files  E:/UOM/UOM_ACA_5/DSD/project/cache_group/blk_mem_gen_0.xci
WARNING: [filemgmt 56-199] Attempt to get parsing info during refresh. "On-the-fly" syntax checking information may be incorrect. [E:\UOM\UOM_ACA_5\DSD\project\cache_group\top.sv:]
WARNING: [filemgmt 56-199] Attempt to get parsing info during refresh. "On-the-fly" syntax checking information may be incorrect. [E:\UOM\UOM_ACA_5\DSD\project\cache_group\topBRAM.sv:]
WARNING: [filemgmt 56-199] Attempt to get parsing info during refresh. "On-the-fly" syntax checking information may be incorrect. [E:\UOM\UOM_ACA_5\DSD\project\cache_group\topBRAM.sv:]
WARNING: [filemgmt 56-199] Attempt to get parsing info during refresh. "On-the-fly" syntax checking information may be incorrect. [E:\UOM\UOM_ACA_5\DSD\project\cache_group\topBRAM.sv:]
ERROR: [Common 17-180] Spawn failed: No error
create_ip_run [get_files -of_objects [get_fileset sources_1] e:/UOM/UOM_ACA_5/DSD/project/cache_group/cache_group.srcs/sources_1/ip/blk_mem_gen_1/blk_mem_gen_1.xci]
launch_runs blk_mem_gen_1_synth_1
INFO: [IP_Flow 19-6924] IPCACHE: Running cache check for IP inst: blk_mem_gen_1
WARNING: [filemgmt 56-199] Attempt to get parsing info during refresh. "On-the-fly" syntax checking information may be incorrect. [E:\UOM\UOM_ACA_5\DSD\project\cache_group\top.sv:]
WARNING: [filemgmt 56-199] Attempt to get parsing info during refresh. "On-the-fly" syntax checking information may be incorrect. [E:\UOM\UOM_ACA_5\DSD\project\cache_group\topBRAM.sv:]
WARNING: [filemgmt 56-199] Attempt to get parsing info during refresh. "On-the-fly" syntax checking information may be incorrect. [E:\UOM\UOM_ACA_5\DSD\project\cache_group\topBRAM.sv:]
WARNING: [filemgmt 56-199] Attempt to get parsing info during refresh. "On-the-fly" syntax checking information may be incorrect. [E:\UOM\UOM_ACA_5\DSD\project\cache_group\topBRAM.sv:]
[Sat Dec 27 08:31:12 2025] Launched blk_mem_gen_1_synth_1...
Run output will be captured here: E:/UOM/UOM_ACA_5/DSD/project/cache_group/cache_group.runs/blk_mem_gen_1_synth_1/runme.log
ERROR: [Common 17-180] Spawn failed: No error
ERROR: [Common 17-39] 'launch_runs' failed due to earlier errors.
ERROR: [Vivado 12-4146] Open Elaborated Design failed due to the following error:
ERROR: [Common 17-69] Command failed: ERROR: [Common 17-39] 'launch_runs' failed due to earlier errors.


WARNING: [filemgmt 56-199] Attempt to get parsing info during refresh. "On-the-fly" syntax checking information may be incorrect. [E:\UOM\UOM_ACA_5\DSD\project\cache_group\top.sv:]
WARNING: [filemgmt 56-199] Attempt to get parsing info during refresh. "On-the-fly" syntax checking information may be incorrect. [E:\UOM\UOM_ACA_5\DSD\project\cache_group\topBRAM.sv:]
WARNING: [filemgmt 56-199] Attempt to get parsing info during refresh. "On-the-fly" syntax checking information may be incorrect. [E:\UOM\UOM_ACA_5\DSD\project\cache_group\top.sv:]
WARNING: [filemgmt 56-199] Attempt to get parsing info during refresh. "On-the-fly" syntax checking information may be incorrect. [E:\UOM\UOM_ACA_5\DSD\project\cache_group\top.sv:]
WARNING: [filemgmt 56-199] Attempt to get parsing info during refresh. "On-the-fly" syntax checking information may be incorrect. [E:\UOM\UOM_ACA_5\DSD\project\cache_group\top.sv:]
WARNING: [filemgmt 56-199] Attempt to get parsing info during refresh. "On-the-fly" syntax checking information may be incorrect. [E:\UOM\UOM_ACA_5\DSD\project\cache_group\topBRAM.sv:]
WARNING: [filemgmt 56-199] Attempt to get parsing info during refresh. "On-the-fly" syntax checking information may be incorrect. [E:\UOM\UOM_ACA_5\DSD\project\cache_group\top.sv:]
WARNING: [filemgmt 56-199] Attempt to get parsing info during refresh. "On-the-fly" syntax checking information may be incorrect. [E:\UOM\UOM_ACA_5\DSD\project\cache_group\top.sv:]
WARNING: [filemgmt 56-199] Attempt to get parsing info during refresh. "On-the-fly" syntax checking information may be incorrect. [E:\UOM\UOM_ACA_5\DSD\project\cache_group\top.sv:]
WARNING: [filemgmt 56-199] Attempt to get parsing info during refresh. "On-the-fly" syntax checking information may be incorrect. [E:\UOM\UOM_ACA_5\DSD\project\cache_group\topBRAM.sv:]
WARNING: [filemgmt 56-199] Attempt to get parsing info during refresh. "On-the-fly" syntax checking information may be incorrect. [E:\UOM\UOM_ACA_5\DSD\project\cache_group\topBRAM.sv:]
WARNING: [filemgmt 56-199] Attempt to get parsing info during refresh. "On-the-fly" syntax checking information may be incorrect. [E:\UOM\UOM_ACA_5\DSD\project\cache_group\topBRAM.sv:]
synth_design -top FPGACacheSystem -part xc7z010clg400-1 -lint 
Command: synth_design -top FPGACacheSystem -part xc7z010clg400-1 -lint
Starting synth_design
Attempting to get a license for feature 'Synthesis' and/or device 'xc7z010'
INFO: [Common 17-349] Got license for feature 'Synthesis' and/or device 'xc7z010'
INFO: [Synth 8-7079] Multithreading enabled for synth_design using a maximum of 2 processes.
---------------------------------------------------------------------------------
Starting Synthesize : Time (s): cpu = 00:00:04 ; elapsed = 00:00:06 . Memory (MB): peak = 3093.316 ; gain = 0.000
---------------------------------------------------------------------------------
Clean up Linter database...
INFO: [Synth 8-6157] synthesizing module 'FPGACacheSystem' [E:/UOM/UOM_ACA_5/DSD/project/cache_group/top.sv:3]
INFO: [Synth 8-6157] synthesizing module 'clkdiv' [E:/UOM/UOM_ACA_5/DSD/project/cache_group/clkDiv.sv:3]
	Parameter timer1limit bound to: 50 - type: integer 
INFO: [Synth 8-6155] done synthesizing module 'clkdiv' (1#1) [E:/UOM/UOM_ACA_5/DSD/project/cache_group/clkDiv.sv:3]
INFO: [Synth 8-6157] synthesizing module 'receiver' [E:/UOM/UOM_ACA_5/DSD/project/cache_group/receiver.sv:3]
	Parameter CLKS_PER_BIT bound to: 11 - type: integer 
INFO: [Synth 8-6155] done synthesizing module 'receiver' (2#1) [E:/UOM/UOM_ACA_5/DSD/project/cache_group/receiver.sv:3]
INFO: [Synth 8-6157] synthesizing module 'transmitter' [E:/UOM/UOM_ACA_5/DSD/project/cache_group/transmitter.sv:3]
	Parameter CLKS_PER_BIT bound to: 11 - type: integer 
INFO: [Synth 8-6155] done synthesizing module 'transmitter' (3#1) [E:/UOM/UOM_ACA_5/DSD/project/cache_group/transmitter.sv:3]
INFO: [Synth 8-6157] synthesizing module 'FourWaySetAssociativeCache' [E:/UOM/UOM_ACA_5/DSD/project/cache_group/FourWaySetAssociativeCache.sv:150]
INFO: [Synth 8-6157] synthesizing module 'tagMems_512x6' [E:/UOM/UOM_ACA_5/DSD/project/cache_group/FourWaySetAssociativeCache.sv:59]
WARNING: [Synth 8-6014] Unused sequential element _R0_en_d0_reg was removed.  [E:/UOM/UOM_ACA_5/DSD/project/cache_group/FourWaySetAssociativeCache.sv:74]
INFO: [Synth 8-6155] done synthesizing module 'tagMems_512x6' (4#1) [E:/UOM/UOM_ACA_5/DSD/project/cache_group/FourWaySetAssociativeCache.sv:59]
INFO: [Synth 8-6157] synthesizing module 'dataMems_4096x8' [E:/UOM/UOM_ACA_5/DSD/project/cache_group/FourWaySetAssociativeCache.sv:105]
WARNING: [Synth 8-6014] Unused sequential element _R0_en_d0_reg was removed.  [E:/UOM/UOM_ACA_5/DSD/project/cache_group/FourWaySetAssociativeCache.sv:120]
INFO: [Synth 8-6155] done synthesizing module 'dataMems_4096x8' (5#1) [E:/UOM/UOM_ACA_5/DSD/project/cache_group/FourWaySetAssociativeCache.sv:105]
INFO: [Synth 8-6155] done synthesizing module 'FourWaySetAssociativeCache' (6#1) [E:/UOM/UOM_ACA_5/DSD/project/cache_group/FourWaySetAssociativeCache.sv:150]
INFO: [Synth 8-6157] synthesizing module 'MemoryController' [E:/UOM/UOM_ACA_5/DSD/project/cache_group/topBRAM.sv:3]
INFO: [Synth 8-6157] synthesizing module 'blk_mem_gen_1' [E:/UOM/UOM_ACA_5/DSD/project/cache_group/.Xil/Vivado-17448-LAPTOP-UDU8USLV/realtime/blk_mem_gen_1_stub.v:6]
INFO: [Synth 8-6155] done synthesizing module 'blk_mem_gen_1' (7#1) [E:/UOM/UOM_ACA_5/DSD/project/cache_group/.Xil/Vivado-17448-LAPTOP-UDU8USLV/realtime/blk_mem_gen_1_stub.v:6]
INFO: [Synth 8-6155] done synthesizing module 'MemoryController' (8#1) [E:/UOM/UOM_ACA_5/DSD/project/cache_group/topBRAM.sv:3]
INFO: [Synth 8-155] case statement is not full and has no default [E:/UOM/UOM_ACA_5/DSD/project/cache_group/top.sv:176]
INFO: [Synth 8-155] case statement is not full and has no default [E:/UOM/UOM_ACA_5/DSD/project/cache_group/top.sv:167]
INFO: [Synth 8-6155] done synthesizing module 'FPGACacheSystem' (9#1) [E:/UOM/UOM_ACA_5/DSD/project/cache_group/top.sv:3]
---------------------------------------------------------------------------------
Finished Synthesize : Time (s): cpu = 00:00:28 ; elapsed = 00:00:32 . Memory (MB): peak = 3202.586 ; gain = 109.270
---------------------------------------------------------------------------------
Copyright 1986-2022 Xilinx, Inc. All Rights Reserved. Copyright 2022-2024 Advanced Micro Devices, Inc. All Rights Reserved.
---------------------------------------------------------------------------------------------------------------------------------------------
| Tool Version : Vivado v.2024.1 (win64) Build 5076996 Wed May 22 18:37:14 MDT 2024
| Date         : Sat Dec 27 08:34:28 2025
| Host         : LAPTOP-UDU8USLV running 64-bit major release  (build 9200)
---------------------------------------------------------------------------------------------------------------------------------------------

RTL Linter Report

Table of Contents
-----------------
1. Summary

1. Summary
----------

+-----------+----------+--------------+----------+
| Rule ID   | Severity | # Violations | # Waived |
+-----------+----------+--------------+----------+
| ASSIGN-1  | WARNING  | 3            | 0        |
| ASSIGN-6  | WARNING  | 1            | 0        |
| ASSIGN-10 | WARNING  | 1            | 0        |
| RESET-3   | WARNING  | 8            | 0        |
+-----------+----------+--------------+----------+


WARNING: [Synth 37-93] [ASSIGN-6]Signal 'tx_done' was assigned but not read. 
RTL Name 'tx_done', Hierarchy 'FPGACacheSystem', File 'E:/UOM/UOM_ACA_5/DSD/project/cache_group/top.sv', Line 32.
WARNING: [Synth 37-111] [RESET-3]Synchronous reset not found on register cpu_addr_reg and its enable logic contains synchronous reset in same always/process block.
RTL Name 'cpu_addr_reg', Hierarchy 'FPGACacheSystem', File 'E:/UOM/UOM_ACA_5/DSD/project/cache_group/top.sv', Line 154.
WARNING: [Synth 37-111] [RESET-3]Synchronous reset not found on register cpu_wrData_reg and its enable logic contains synchronous reset in same always/process block.
RTL Name 'cpu_wrData_reg', Hierarchy 'FPGACacheSystem', File 'E:/UOM/UOM_ACA_5/DSD/project/cache_group/top.sv', Line 154.
WARNING: [Synth 37-111] [RESET-3]Synchronous reset not found on register cpu_wrMask_reg and its enable logic contains synchronous reset in same always/process block.
RTL Name 'cpu_wrMask_reg', Hierarchy 'FPGACacheSystem', File 'E:/UOM/UOM_ACA_5/DSD/project/cache_group/top.sv', Line 154.
WARNING: [Synth 37-111] [RESET-3]Synchronous reset not found on register ext_addr_reg and its enable logic contains synchronous reset in same always/process block.
RTL Name 'ext_addr_reg', Hierarchy 'FPGACacheSystem', File 'E:/UOM/UOM_ACA_5/DSD/project/cache_group/top.sv', Line 154.
WARNING: [Synth 37-111] [RESET-3]Synchronous reset not found on register ext_wdata_reg and its enable logic contains synchronous reset in same always/process block.
RTL Name 'ext_wdata_reg', Hierarchy 'FPGACacheSystem', File 'E:/UOM/UOM_ACA_5/DSD/project/cache_group/top.sv', Line 154.
WARNING: [Synth 37-111] [RESET-3]Synchronous reset not found on register latched_addr_reg and its enable logic contains synchronous reset in same always/process block.
RTL Name 'latched_addr_reg', Hierarchy 'FPGACacheSystem', File 'E:/UOM/UOM_ACA_5/DSD/project/cache_group/top.sv', Line 154.
WARNING: [Synth 37-111] [RESET-3]Synchronous reset not found on register latched_data_reg and its enable logic contains synchronous reset in same always/process block.
RTL Name 'latched_data_reg', Hierarchy 'FPGACacheSystem', File 'E:/UOM/UOM_ACA_5/DSD/project/cache_group/top.sv', Line 154.
WARNING: [Synth 37-111] [RESET-3]Synchronous reset not found on register tx_word_reg and its enable logic contains synchronous reset in same always/process block.
RTL Name 'tx_word_reg', Hierarchy 'FPGACacheSystem', File 'E:/UOM/UOM_ACA_5/DSD/project/cache_group/top.sv', Line 154.
WARNING: [Synth 37-78] [ASSIGN-1]Input operands(of sizes 18 1) of add/sub cluster ending with expression '(base_addr[15:0] + 16'd1)' could yield maximum size of 19, but only width of 16 is being used.
Hierarchy 'MemoryController', File 'E:/UOM/UOM_ACA_5/DSD/project/cache_group/topBRAM.sv', Line 116.
WARNING: [Synth 37-78] [ASSIGN-1]Input operands(of sizes 18 2) of add/sub cluster ending with expression '(base_addr[15:0] + 16'd2)' could yield maximum size of 19, but only width of 16 is being used.
Hierarchy 'MemoryController', File 'E:/UOM/UOM_ACA_5/DSD/project/cache_group/topBRAM.sv', Line 125.
WARNING: [Synth 37-78] [ASSIGN-1]Input operands(of sizes 18 16 2) of add/sub cluster ending with expression '((base_addr[15:0] + {13'b0,burst_counter}) + 16'd3)' could yield maximum size of 19, but only width of 16 is being used.
Hierarchy 'MemoryController', File 'E:/UOM/UOM_ACA_5/DSD/project/cache_group/topBRAM.sv', Line 138.
WARNING: [Synth 37-125] [ASSIGN-10]Some bits in IO 'io_mem_addr' are not read. First unread bit index is 0. 
RTL Name 'io_mem_addr', Hierarchy 'MemoryController', File 'topBRAM.sv', Line 12.
INFO: [Synth 37-85] Total of 13 linter message(s) generated.
INFO: [Synth 37-45] Linter Run Finished!
Synthesis Optimization Runtime : Time (s): cpu = 00:00:28 ; elapsed = 00:00:33 . Memory (MB): peak = 3202.586 ; gain = 109.270
INFO: [Common 17-83] Releasing license: Synthesis
25 Infos, 15 Warnings, 0 Critical Warnings and 0 Errors encountered.
synth_design completed successfully
synth_design: Time (s): cpu = 00:00:28 ; elapsed = 00:00:34 . Memory (MB): peak = 3202.586 ; gain = 109.270
reset_run synth_1
INFO: [Project 1-1161] Replacing file E:/UOM/UOM_ACA_5/DSD/project/cache_group/cache_group.srcs/utils_1/imports/synth_1/FPGACacheSystem.dcp with file E:/UOM/UOM_ACA_5/DSD/project/cache_group/cache_group.runs/synth_1/FPGACacheSystem.dcp
WARNING: [filemgmt 56-199] Attempt to get parsing info during refresh. "On-the-fly" syntax checking information may be incorrect. [E:\UOM\UOM_ACA_5\DSD\project\cache_group\top.sv:]
WARNING: [filemgmt 56-199] Attempt to get parsing info during refresh. "On-the-fly" syntax checking information may be incorrect. [E:\UOM\UOM_ACA_5\DSD\project\cache_group\topBRAM.sv:]
WARNING: [filemgmt 56-199] Attempt to get parsing info during refresh. "On-the-fly" syntax checking information may be incorrect. [E:\UOM\UOM_ACA_5\DSD\project\cache_group\topBRAM.sv:]
WARNING: [filemgmt 56-199] Attempt to get parsing info during refresh. "On-the-fly" syntax checking information may be incorrect. [E:\UOM\UOM_ACA_5\DSD\project\cache_group\topBRAM.sv:]
launch_runs synth_1 -jobs 8
ERROR: [Common 17-180] Spawn failed: No error
[Sat Dec 27 08:35:23 2025] Launched synth_1...
Run output will be captured here: E:/UOM/UOM_ACA_5/DSD/project/cache_group/cache_group.runs/synth_1/runme.log
ERROR: [Common 17-39] 'launch_runs' failed due to earlier errors.
open_run synth_1 -name synth_1
Design is defaulting to impl run constrset: constrs_1
Design is defaulting to synth run part: xc7z010clg400-1
INFO: [Device 21-403] Loading part xc7z010clg400-1
INFO: [Device 21-9227] Part: xc7z010clg400-1 does not have CEAM library.
INFO: [Project 1-454] Reading design checkpoint 'e:/UOM/UOM_ACA_5/DSD/project/cache_group/cache_group.gen/sources_1/ip/blk_mem_gen_1/blk_mem_gen_1.dcp' for cell 'mem_ctrl_inst/my_bram'
Netlist sorting complete. Time (s): cpu = 00:00:00 ; elapsed = 00:00:00.061 . Memory (MB): peak = 3257.488 ; gain = 0.000
INFO: [Netlist 29-17] Analyzing 879 Unisim elements for replacement
INFO: [Netlist 29-28] Unisim Transformation completed in 0 CPU seconds
INFO: [Project 1-479] Netlist was created with Vivado 2024.1
INFO: [Project 1-570] Preparing netlist for logic optimization
Parsing XDC File [E:/UOM/UOM_ACA_5/DSD/project/cache_group/cache_group.srcs/constrs_1/new/design_con.xdc]
Finished Parsing XDC File [E:/UOM/UOM_ACA_5/DSD/project/cache_group/cache_group.srcs/constrs_1/new/design_con.xdc]
INFO: [Opt 31-138] Pushed 0 inverter(s) to 0 load pin(s).
Netlist sorting complete. Time (s): cpu = 00:00:00 ; elapsed = 00:00:00.003 . Memory (MB): peak = 3257.488 ; gain = 0.000
INFO: [Project 1-111] Unisim Transformation Summary:
No Unisim elements were transformed.

open_run: Time (s): cpu = 00:00:15 ; elapsed = 00:00:18 . Memory (MB): peak = 3312.770 ; gain = 110.184
launch_runs impl_1 -jobs 8
Write ShapeDB Complete: Time (s): cpu = 00:00:00 ; elapsed = 00:00:00.007 . Memory (MB): peak = 3710.910 ; gain = 0.000
INFO: [Timing 38-480] Writing timing data to binary archive.
Wrote PlaceDB: Time (s): cpu = 00:00:00 ; elapsed = 00:00:00.039 . Memory (MB): peak = 3710.910 ; gain = 0.000
Wrote PulsedLatchDB: Time (s): cpu = 00:00:00 ; elapsed = 00:00:00.011 . Memory (MB): peak = 3710.910 ; gain = 0.000
Writing XDEF routing.
Writing XDEF routing logical nets.
Writing XDEF routing special nets.
Wrote RouteStorage: Time (s): cpu = 00:00:01 ; elapsed = 00:00:00.154 . Memory (MB): peak = 3726.164 ; gain = 15.254
Wrote Netlist Cache: Time (s): cpu = 00:00:00 ; elapsed = 00:00:00 . Memory (MB): peak = 3726.164 ; gain = 0.000
Wrote Device Cache: Time (s): cpu = 00:00:00 ; elapsed = 00:00:00.009 . Memory (MB): peak = 3726.422 ; gain = 0.258
Write Physdb Complete: Time (s): cpu = 00:00:01 ; elapsed = 00:00:00.309 . Memory (MB): peak = 3726.422 ; gain = 15.512
[Sat Dec 27 08:40:40 2025] Launched impl_1...
Run output will be captured here: E:/UOM/UOM_ACA_5/DSD/project/cache_group/cache_group.runs/impl_1/runme.log
WARNING: [IP_Flow 19-4067] Ignoring invalid widget type specified checkbox.Providing a default widget
WARNING: [IP_Flow 19-4067] Ignoring invalid widget type specified checkbox.Providing a default widget
set_property CONFIG.Write_Depth_A {32768} [get_ips blk_mem_gen_1]
WARNING: [filemgmt 56-199] Attempt to get parsing info during refresh. "On-the-fly" syntax checking information may be incorrect. [E:\UOM\UOM_ACA_5\DSD\project\cache_group\top.sv:]
WARNING: [filemgmt 56-199] Attempt to get parsing info during refresh. "On-the-fly" syntax checking information may be incorrect. [E:\UOM\UOM_ACA_5\DSD\project\cache_group\topBRAM.sv:]
WARNING: [filemgmt 56-199] Attempt to get parsing info during refresh. "On-the-fly" syntax checking information may be incorrect. [E:\UOM\UOM_ACA_5\DSD\project\cache_group\top.sv:]
WARNING: [filemgmt 56-199] Attempt to get parsing info during refresh. "On-the-fly" syntax checking information may be incorrect. [E:\UOM\UOM_ACA_5\DSD\project\cache_group\top.sv:]
generate_target all [get_files  e:/UOM/UOM_ACA_5/DSD/project/cache_group/cache_group.srcs/sources_1/ip/blk_mem_gen_1/blk_mem_gen_1.xci]
INFO: [IP_Flow 19-1686] Generating 'Instantiation Template' target for IP 'blk_mem_gen_1'...
INFO: [IP_Flow 19-1686] Generating 'Synthesis' target for IP 'blk_mem_gen_1'...
INFO: [IP_Flow 19-1686] Generating 'Simulation' target for IP 'blk_mem_gen_1'...
INFO: [IP_Flow 19-1686] Generating 'Miscellaneous' target for IP 'blk_mem_gen_1'...
INFO: [IP_Flow 19-1686] Generating 'Change Log' target for IP 'blk_mem_gen_1'...
catch { config_ip_cache -export [get_ips -all blk_mem_gen_1] }
INFO: [IP_Flow 19-6924] IPCACHE: Running cache check for IP inst: blk_mem_gen_1
export_ip_user_files -of_objects [get_files e:/UOM/UOM_ACA_5/DSD/project/cache_group/cache_group.srcs/sources_1/ip/blk_mem_gen_1/blk_mem_gen_1.xci] -no_script -sync -force -quiet
reset_run blk_mem_gen_1_synth_1
launch_runs blk_mem_gen_1_synth_1 -jobs 8
INFO: [IP_Flow 19-6924] IPCACHE: Running cache check for IP inst: blk_mem_gen_1
[Sat Dec 27 08:44:31 2025] Launched blk_mem_gen_1_synth_1...
Run output will be captured here: E:/UOM/UOM_ACA_5/DSD/project/cache_group/cache_group.runs/blk_mem_gen_1_synth_1/runme.log
export_simulation -of_objects [get_files e:/UOM/UOM_ACA_5/DSD/project/cache_group/cache_group.srcs/sources_1/ip/blk_mem_gen_1/blk_mem_gen_1.xci] -directory E:/UOM/UOM_ACA_5/DSD/project/cache_group/cache_group.ip_user_files/sim_scripts -ip_user_files_dir E:/UOM/UOM_ACA_5/DSD/project/cache_group/cache_group.ip_user_files -ipstatic_source_dir E:/UOM/UOM_ACA_5/DSD/project/cache_group/cache_group.ip_user_files/ipstatic -lib_map_path [list {modelsim=E:/UOM/UOM_ACA_5/DSD/project/cache_group/cache_group.cache/compile_simlib/modelsim} {questa=E:/UOM/UOM_ACA_5/DSD/project/cache_group/cache_group.cache/compile_simlib/questa} {riviera=E:/UOM/UOM_ACA_5/DSD/project/cache_group/cache_group.cache/compile_simlib/riviera} {activehdl=E:/UOM/UOM_ACA_5/DSD/project/cache_group/cache_group.cache/compile_simlib/activehdl}] -use_ip_compiled_libs -force -quiet
WARNING: [filemgmt 56-199] Attempt to get parsing info during refresh. "On-the-fly" syntax checking information may be incorrect. [E:\UOM\UOM_ACA_5\DSD\project\cache_group\top.sv:]
WARNING: [filemgmt 56-199] Attempt to get parsing info during refresh. "On-the-fly" syntax checking information may be incorrect. [e:\UOM\UOM_ACA_5\DSD\project\cache_group\cache_group.gen\sources_1\ip\blk_mem_gen_1\synth\blk_mem_gen_1.vhd:]
WARNING: [filemgmt 56-199] Attempt to get parsing info during refresh. "On-the-fly" syntax checking information may be incorrect. [E:\UOM\UOM_ACA_5\DSD\project\cache_group\topBRAM.sv:]
WARNING: [filemgmt 56-199] Attempt to get parsing info during refresh. "On-the-fly" syntax checking information may be incorrect. [E:\UOM\UOM_ACA_5\DSD\project\cache_group\topBRAM.sv:]
WARNING: [filemgmt 56-199] Attempt to get parsing info during refresh. "On-the-fly" syntax checking information may be incorrect. [E:\UOM\UOM_ACA_5\DSD\project\cache_group\topBRAM.sv:]
WARNING: [filemgmt 56-199] Attempt to get parsing info during refresh. "On-the-fly" syntax checking information may be incorrect. [E:\UOM\UOM_ACA_5\DSD\project\cache_group\top.sv:]
WARNING: [filemgmt 56-199] Attempt to get parsing info during refresh. "On-the-fly" syntax checking information may be incorrect. [e:\UOM\UOM_ACA_5\DSD\project\cache_group\cache_group.gen\sources_1\ip\blk_mem_gen_1\synth\blk_mem_gen_1.vhd:]
WARNING: [filemgmt 56-199] Attempt to get parsing info during refresh. "On-the-fly" syntax checking information may be incorrect. [E:\UOM\UOM_ACA_5\DSD\project\cache_group\topBRAM.sv:]
WARNING: [filemgmt 56-199] Attempt to get parsing info during refresh. "On-the-fly" syntax checking information may be incorrect. [e:\UOM\UOM_ACA_5\DSD\project\cache_group\cache_group.gen\sources_1\ip\blk_mem_gen_1\synth\blk_mem_gen_1.vhd:]
WARNING: [filemgmt 56-199] Attempt to get parsing info during refresh. "On-the-fly" syntax checking information may be incorrect. [e:\UOM\UOM_ACA_5\DSD\project\cache_group\cache_group.gen\sources_1\ip\blk_mem_gen_1\synth\blk_mem_gen_1.vhd:]
ERROR: [Common 17-180] Spawn failed: No error
WARNING: [filemgmt 56-199] Attempt to get parsing info during refresh. "On-the-fly" syntax checking information may be incorrect. [E:\UOM\UOM_ACA_5\DSD\project\cache_group\top.sv:]
WARNING: [filemgmt 56-199] Attempt to get parsing info during refresh. "On-the-fly" syntax checking information may be incorrect. [e:\UOM\UOM_ACA_5\DSD\project\cache_group\cache_group.gen\sources_1\ip\blk_mem_gen_1\synth\blk_mem_gen_1.vhd:]
WARNING: [filemgmt 56-199] Attempt to get parsing info during refresh. "On-the-fly" syntax checking information may be incorrect. [E:\UOM\UOM_ACA_5\DSD\project\cache_group\topBRAM.sv:]
WARNING: [filemgmt 56-199] Attempt to get parsing info during refresh. "On-the-fly" syntax checking information may be incorrect. [E:\UOM\UOM_ACA_5\DSD\project\cache_group\topBRAM.sv:]
WARNING: [filemgmt 56-199] Attempt to get parsing info during refresh. "On-the-fly" syntax checking information may be incorrect. [E:\UOM\UOM_ACA_5\DSD\project\cache_group\topBRAM.sv:]
WARNING: [filemgmt 56-199] Attempt to get parsing info during refresh. "On-the-fly" syntax checking information may be incorrect. [E:\UOM\UOM_ACA_5\DSD\project\cache_group\top.sv:]
WARNING: [filemgmt 56-199] Attempt to get parsing info during refresh. "On-the-fly" syntax checking information may be incorrect. [e:\UOM\UOM_ACA_5\DSD\project\cache_group\cache_group.gen\sources_1\ip\blk_mem_gen_1\synth\blk_mem_gen_1.vhd:]
WARNING: [filemgmt 56-199] Attempt to get parsing info during refresh. "On-the-fly" syntax checking information may be incorrect. [E:\UOM\UOM_ACA_5\DSD\project\cache_group\topBRAM.sv:]
WARNING: [filemgmt 56-199] Attempt to get parsing info during refresh. "On-the-fly" syntax checking information may be incorrect. [e:\UOM\UOM_ACA_5\DSD\project\cache_group\cache_group.gen\sources_1\ip\blk_mem_gen_1\synth\blk_mem_gen_1.vhd:]
WARNING: [filemgmt 56-199] Attempt to get parsing info during refresh. "On-the-fly" syntax checking information may be incorrect. [e:\UOM\UOM_ACA_5\DSD\project\cache_group\cache_group.gen\sources_1\ip\blk_mem_gen_1\synth\blk_mem_gen_1.vhd:]
WARNING: [filemgmt 56-199] Attempt to get parsing info during refresh. "On-the-fly" syntax checking information may be incorrect. [E:\UOM\UOM_ACA_5\DSD\project\cache_group\top.sv:]
WARNING: [filemgmt 56-199] Attempt to get parsing info during refresh. "On-the-fly" syntax checking information may be incorrect. [e:\UOM\UOM_ACA_5\DSD\project\cache_group\cache_group.gen\sources_1\ip\blk_mem_gen_1\synth\blk_mem_gen_1.vhd:]
WARNING: [filemgmt 56-199] Attempt to get parsing info during refresh. "On-the-fly" syntax checking information may be incorrect. [E:\UOM\UOM_ACA_5\DSD\project\cache_group\topBRAM.sv:]
WARNING: [filemgmt 56-199] Attempt to get parsing info during refresh. "On-the-fly" syntax checking information may be incorrect. [E:\UOM\UOM_ACA_5\DSD\project\cache_group\topBRAM.sv:]
WARNING: [filemgmt 56-199] Attempt to get parsing info during refresh. "On-the-fly" syntax checking information may be incorrect. [E:\UOM\UOM_ACA_5\DSD\project\cache_group\topBRAM.sv:]
WARNING: [filemgmt 56-199] Attempt to get parsing info during refresh. "On-the-fly" syntax checking information may be incorrect. [E:\UOM\UOM_ACA_5\DSD\project\cache_group\top.sv:]
WARNING: [filemgmt 56-199] Attempt to get parsing info during refresh. "On-the-fly" syntax checking information may be incorrect. [e:\UOM\UOM_ACA_5\DSD\project\cache_group\cache_group.gen\sources_1\ip\blk_mem_gen_1\synth\blk_mem_gen_1.vhd:]
WARNING: [filemgmt 56-199] Attempt to get parsing info during refresh. "On-the-fly" syntax checking information may be incorrect. [E:\UOM\UOM_ACA_5\DSD\project\cache_group\topBRAM.sv:]
WARNING: [filemgmt 56-199] Attempt to get parsing info during refresh. "On-the-fly" syntax checking information may be incorrect. [e:\UOM\UOM_ACA_5\DSD\project\cache_group\cache_group.gen\sources_1\ip\blk_mem_gen_1\synth\blk_mem_gen_1.vhd:]
WARNING: [filemgmt 56-199] Attempt to get parsing info during refresh. "On-the-fly" syntax checking information may be incorrect. [e:\UOM\UOM_ACA_5\DSD\project\cache_group\cache_group.gen\sources_1\ip\blk_mem_gen_1\synth\blk_mem_gen_1.vhd:]
refresh_design
INFO: [Project 1-454] Reading design checkpoint 'e:/UOM/UOM_ACA_5/DSD/project/cache_group/cache_group.gen/sources_1/ip/blk_mem_gen_1/blk_mem_gen_1.dcp' for cell 'mem_ctrl_inst/my_bram'
WARNING: [Netlist 29-739] Bus range ordering inconsistency detected for bus pin mem_ctrl_inst/my_bram/addra. Existing range for black box cell is 15:0, range for replacement cell is 14:0.
ERROR: [Netlist 29-77] Could not replace (cell 'blk_mem_gen_1', library 'work', file 'NOFILE') with (cell 'blk_mem_gen_1', library 'work_library0_2', file 'blk_mem_gen_1.edf') because of a port interface mismatch; port 'addra[15]' is missing on the replacing cell.
Resolution: Modify RTL to reference correct ports from the netlist
synth_design -top FPGACacheSystem -part xc7z010clg400-1 -lint 
Command: synth_design -top FPGACacheSystem -part xc7z010clg400-1 -lint
Starting synth_design
Attempting to get a license for feature 'Synthesis' and/or device 'xc7z010'
INFO: [Common 17-349] Got license for feature 'Synthesis' and/or device 'xc7z010'
INFO: [Synth 8-7079] Multithreading enabled for synth_design using a maximum of 2 processes.
---------------------------------------------------------------------------------
Starting Synthesize : Time (s): cpu = 00:00:06 ; elapsed = 00:00:10 . Memory (MB): peak = 3747.258 ; gain = 0.000
---------------------------------------------------------------------------------
Clean up Linter database...
INFO: [Synth 8-6157] synthesizing module 'FPGACacheSystem' [E:/UOM/UOM_ACA_5/DSD/project/cache_group/top.sv:3]
INFO: [Synth 8-6157] synthesizing module 'clkdiv' [E:/UOM/UOM_ACA_5/DSD/project/cache_group/clkDiv.sv:3]
	Parameter timer1limit bound to: 50 - type: integer 
INFO: [Synth 8-6155] done synthesizing module 'clkdiv' (1#1) [E:/UOM/UOM_ACA_5/DSD/project/cache_group/clkDiv.sv:3]
INFO: [Synth 8-6157] synthesizing module 'receiver' [E:/UOM/UOM_ACA_5/DSD/project/cache_group/receiver.sv:3]
	Parameter CLKS_PER_BIT bound to: 11 - type: integer 
INFO: [Synth 8-6155] done synthesizing module 'receiver' (2#1) [E:/UOM/UOM_ACA_5/DSD/project/cache_group/receiver.sv:3]
INFO: [Synth 8-6157] synthesizing module 'transmitter' [E:/UOM/UOM_ACA_5/DSD/project/cache_group/transmitter.sv:3]
	Parameter CLKS_PER_BIT bound to: 11 - type: integer 
INFO: [Synth 8-6155] done synthesizing module 'transmitter' (3#1) [E:/UOM/UOM_ACA_5/DSD/project/cache_group/transmitter.sv:3]
INFO: [Synth 8-6157] synthesizing module 'FourWaySetAssociativeCache' [E:/UOM/UOM_ACA_5/DSD/project/cache_group/FourWaySetAssociativeCache.sv:150]
INFO: [Synth 8-6157] synthesizing module 'tagMems_512x6' [E:/UOM/UOM_ACA_5/DSD/project/cache_group/FourWaySetAssociativeCache.sv:59]
WARNING: [Synth 8-6014] Unused sequential element _R0_en_d0_reg was removed.  [E:/UOM/UOM_ACA_5/DSD/project/cache_group/FourWaySetAssociativeCache.sv:74]
INFO: [Synth 8-6155] done synthesizing module 'tagMems_512x6' (4#1) [E:/UOM/UOM_ACA_5/DSD/project/cache_group/FourWaySetAssociativeCache.sv:59]
INFO: [Synth 8-6157] synthesizing module 'dataMems_4096x8' [E:/UOM/UOM_ACA_5/DSD/project/cache_group/FourWaySetAssociativeCache.sv:105]
WARNING: [Synth 8-6014] Unused sequential element _R0_en_d0_reg was removed.  [E:/UOM/UOM_ACA_5/DSD/project/cache_group/FourWaySetAssociativeCache.sv:120]
INFO: [Synth 8-6155] done synthesizing module 'dataMems_4096x8' (5#1) [E:/UOM/UOM_ACA_5/DSD/project/cache_group/FourWaySetAssociativeCache.sv:105]
INFO: [Synth 8-6155] done synthesizing module 'FourWaySetAssociativeCache' (6#1) [E:/UOM/UOM_ACA_5/DSD/project/cache_group/FourWaySetAssociativeCache.sv:150]
INFO: [Synth 8-6157] synthesizing module 'MemoryController' [E:/UOM/UOM_ACA_5/DSD/project/cache_group/topBRAM.sv:3]
INFO: [Synth 8-6157] synthesizing module 'blk_mem_gen_1' [E:/UOM/UOM_ACA_5/DSD/project/cache_group/.Xil/Vivado-17448-LAPTOP-UDU8USLV/realtime/blk_mem_gen_1_stub.v:6]
INFO: [Synth 8-6155] done synthesizing module 'blk_mem_gen_1' (7#1) [E:/UOM/UOM_ACA_5/DSD/project/cache_group/.Xil/Vivado-17448-LAPTOP-UDU8USLV/realtime/blk_mem_gen_1_stub.v:6]
INFO: [Synth 8-6155] done synthesizing module 'MemoryController' (8#1) [E:/UOM/UOM_ACA_5/DSD/project/cache_group/topBRAM.sv:3]
WARNING: [Synth 8-689] width (16) of port connection 'ext_addr' does not match port width (15) of module 'MemoryController' [E:/UOM/UOM_ACA_5/DSD/project/cache_group/top.sv:123]
INFO: [Synth 8-155] case statement is not full and has no default [E:/UOM/UOM_ACA_5/DSD/project/cache_group/top.sv:176]
INFO: [Synth 8-155] case statement is not full and has no default [E:/UOM/UOM_ACA_5/DSD/project/cache_group/top.sv:167]
INFO: [Synth 8-6155] done synthesizing module 'FPGACacheSystem' (9#1) [E:/UOM/UOM_ACA_5/DSD/project/cache_group/top.sv:3]
---------------------------------------------------------------------------------
Finished Synthesize : Time (s): cpu = 00:00:28 ; elapsed = 00:00:33 . Memory (MB): peak = 4335.703 ; gain = 588.445
---------------------------------------------------------------------------------
Copyright 1986-2022 Xilinx, Inc. All Rights Reserved. Copyright 2022-2024 Advanced Micro Devices, Inc. All Rights Reserved.
---------------------------------------------------------------------------------------------------------------------------------------------
| Tool Version : Vivado v.2024.1 (win64) Build 5076996 Wed May 22 18:37:14 MDT 2024
| Date         : Sat Dec 27 08:49:12 2025
| Host         : LAPTOP-UDU8USLV running 64-bit major release  (build 9200)
---------------------------------------------------------------------------------------------------------------------------------------------

RTL Linter Report

Table of Contents
-----------------
1. Summary

1. Summary
----------

+-----------+----------+--------------+----------+
| Rule ID   | Severity | # Violations | # Waived |
+-----------+----------+--------------+----------+
| ASSIGN-1  | WARNING  | 3            | 0        |
| ASSIGN-6  | WARNING  | 1            | 0        |
| ASSIGN-10 | WARNING  | 1            | 0        |
| RESET-3   | WARNING  | 8            | 0        |
+-----------+----------+--------------+----------+


WARNING: [Synth 37-93] [ASSIGN-6]Signal 'tx_done' was assigned but not read. 
RTL Name 'tx_done', Hierarchy 'FPGACacheSystem', File 'E:/UOM/UOM_ACA_5/DSD/project/cache_group/top.sv', Line 32.
WARNING: [Synth 37-111] [RESET-3]Synchronous reset not found on register cpu_addr_reg and its enable logic contains synchronous reset in same always/process block.
RTL Name 'cpu_addr_reg', Hierarchy 'FPGACacheSystem', File 'E:/UOM/UOM_ACA_5/DSD/project/cache_group/top.sv', Line 154.
WARNING: [Synth 37-111] [RESET-3]Synchronous reset not found on register cpu_wrData_reg and its enable logic contains synchronous reset in same always/process block.
RTL Name 'cpu_wrData_reg', Hierarchy 'FPGACacheSystem', File 'E:/UOM/UOM_ACA_5/DSD/project/cache_group/top.sv', Line 154.
WARNING: [Synth 37-111] [RESET-3]Synchronous reset not found on register cpu_wrMask_reg and its enable logic contains synchronous reset in same always/process block.
RTL Name 'cpu_wrMask_reg', Hierarchy 'FPGACacheSystem', File 'E:/UOM/UOM_ACA_5/DSD/project/cache_group/top.sv', Line 154.
WARNING: [Synth 37-111] [RESET-3]Synchronous reset not found on register ext_addr_reg and its enable logic contains synchronous reset in same always/process block.
RTL Name 'ext_addr_reg', Hierarchy 'FPGACacheSystem', File 'E:/UOM/UOM_ACA_5/DSD/project/cache_group/top.sv', Line 154.
WARNING: [Synth 37-111] [RESET-3]Synchronous reset not found on register ext_wdata_reg and its enable logic contains synchronous reset in same always/process block.
RTL Name 'ext_wdata_reg', Hierarchy 'FPGACacheSystem', File 'E:/UOM/UOM_ACA_5/DSD/project/cache_group/top.sv', Line 154.
WARNING: [Synth 37-111] [RESET-3]Synchronous reset not found on register latched_addr_reg and its enable logic contains synchronous reset in same always/process block.
RTL Name 'latched_addr_reg', Hierarchy 'FPGACacheSystem', File 'E:/UOM/UOM_ACA_5/DSD/project/cache_group/top.sv', Line 154.
WARNING: [Synth 37-111] [RESET-3]Synchronous reset not found on register latched_data_reg and its enable logic contains synchronous reset in same always/process block.
RTL Name 'latched_data_reg', Hierarchy 'FPGACacheSystem', File 'E:/UOM/UOM_ACA_5/DSD/project/cache_group/top.sv', Line 154.
WARNING: [Synth 37-111] [RESET-3]Synchronous reset not found on register tx_word_reg and its enable logic contains synchronous reset in same always/process block.
RTL Name 'tx_word_reg', Hierarchy 'FPGACacheSystem', File 'E:/UOM/UOM_ACA_5/DSD/project/cache_group/top.sv', Line 154.
WARNING: [Synth 37-78] [ASSIGN-1]Input operands(of sizes 18 1) of add/sub cluster ending with expression '(base_addr[14:0] + 15'd1)' could yield maximum size of 19, but only width of 15 is being used.
Hierarchy 'MemoryController', File 'E:/UOM/UOM_ACA_5/DSD/project/cache_group/topBRAM.sv', Line 116.
WARNING: [Synth 37-78] [ASSIGN-1]Input operands(of sizes 18 2) of add/sub cluster ending with expression '(base_addr[14:0] + 15'd2)' could yield maximum size of 19, but only width of 15 is being used.
Hierarchy 'MemoryController', File 'E:/UOM/UOM_ACA_5/DSD/project/cache_group/topBRAM.sv', Line 125.
WARNING: [Synth 37-78] [ASSIGN-1]Input operands(of sizes 18 15 2) of add/sub cluster ending with expression '((base_addr[14:0] + {12'b0,burst_counter}) + 15'd3)' could yield maximum size of 19, but only width of 15 is being used.
Hierarchy 'MemoryController', File 'E:/UOM/UOM_ACA_5/DSD/project/cache_group/topBRAM.sv', Line 138.
WARNING: [Synth 37-125] [ASSIGN-10]Some bits in IO 'io_mem_addr' are not read. First unread bit index is 0. 
RTL Name 'io_mem_addr', Hierarchy 'MemoryController', File 'topBRAM.sv', Line 12.
INFO: [Synth 37-85] Total of 13 linter message(s) generated.
INFO: [Synth 37-45] Linter Run Finished!
Synthesis Optimization Runtime : Time (s): cpu = 00:00:28 ; elapsed = 00:00:33 . Memory (MB): peak = 4335.703 ; gain = 588.445
INFO: [Common 17-83] Releasing license: Synthesis
25 Infos, 16 Warnings, 0 Critical Warnings and 0 Errors encountered.
synth_design completed successfully
synth_design: Time (s): cpu = 00:00:28 ; elapsed = 00:00:33 . Memory (MB): peak = 4335.703 ; gain = 588.445
reset_run synth_1
INFO: [Project 1-1161] Replacing file E:/UOM/UOM_ACA_5/DSD/project/cache_group/cache_group.srcs/utils_1/imports/synth_1/FPGACacheSystem.dcp with file E:/UOM/UOM_ACA_5/DSD/project/cache_group/cache_group.runs/synth_1/FPGACacheSystem.dcp
WARNING: [filemgmt 56-199] Attempt to get parsing info during refresh. "On-the-fly" syntax checking information may be incorrect. [E:\UOM\UOM_ACA_5\DSD\project\cache_group\top.sv:]
WARNING: [filemgmt 56-199] Attempt to get parsing info during refresh. "On-the-fly" syntax checking information may be incorrect. [e:\UOM\UOM_ACA_5\DSD\project\cache_group\cache_group.gen\sources_1\ip\blk_mem_gen_1\synth\blk_mem_gen_1.vhd:]
WARNING: [filemgmt 56-199] Attempt to get parsing info during refresh. "On-the-fly" syntax checking information may be incorrect. [E:\UOM\UOM_ACA_5\DSD\project\cache_group\topBRAM.sv:]
WARNING: [filemgmt 56-199] Attempt to get parsing info during refresh. "On-the-fly" syntax checking information may be incorrect. [E:\UOM\UOM_ACA_5\DSD\project\cache_group\topBRAM.sv:]
WARNING: [filemgmt 56-199] Attempt to get parsing info during refresh. "On-the-fly" syntax checking information may be incorrect. [E:\UOM\UOM_ACA_5\DSD\project\cache_group\topBRAM.sv:]
launch_runs synth_1 -jobs 8
[Sat Dec 27 08:49:31 2025] Launched synth_1...
Run output will be captured here: E:/UOM/UOM_ACA_5/DSD/project/cache_group/cache_group.runs/synth_1/runme.log
WARNING: [filemgmt 56-199] Attempt to get parsing info during refresh. "On-the-fly" syntax checking information may be incorrect. [E:\UOM\UOM_ACA_5\DSD\project\cache_group\top.sv:]
WARNING: [filemgmt 56-199] Attempt to get parsing info during refresh. "On-the-fly" syntax checking information may be incorrect. [e:\UOM\UOM_ACA_5\DSD\project\cache_group\cache_group.gen\sources_1\ip\blk_mem_gen_1\synth\blk_mem_gen_1.vhd:]
WARNING: [filemgmt 56-199] Attempt to get parsing info during refresh. "On-the-fly" syntax checking information may be incorrect. [E:\UOM\UOM_ACA_5\DSD\project\cache_group\topBRAM.sv:]
WARNING: [filemgmt 56-199] Attempt to get parsing info during refresh. "On-the-fly" syntax checking information may be incorrect. [e:\UOM\UOM_ACA_5\DSD\project\cache_group\cache_group.gen\sources_1\ip\blk_mem_gen_1\synth\blk_mem_gen_1.vhd:]
WARNING: [filemgmt 56-199] Attempt to get parsing info during refresh. "On-the-fly" syntax checking information may be incorrect. [e:\UOM\UOM_ACA_5\DSD\project\cache_group\cache_group.gen\sources_1\ip\blk_mem_gen_1\synth\blk_mem_gen_1.vhd:]
close_design
close_design: Time (s): cpu = 00:00:03 ; elapsed = 00:00:07 . Memory (MB): peak = 4336.188 ; gain = 0.484
open_run synth_1 -name synth_1
Design is defaulting to impl run constrset: constrs_1
Design is defaulting to synth run part: xc7z010clg400-1
INFO: [Project 1-454] Reading design checkpoint 'e:/UOM/UOM_ACA_5/DSD/project/cache_group/cache_group.gen/sources_1/ip/blk_mem_gen_1/blk_mem_gen_1.dcp' for cell 'mem_ctrl_inst/my_bram'
Netlist sorting complete. Time (s): cpu = 00:00:00 ; elapsed = 00:00:00.056 . Memory (MB): peak = 4336.188 ; gain = 0.000
INFO: [Netlist 29-17] Analyzing 796 Unisim elements for replacement
INFO: [Netlist 29-28] Unisim Transformation completed in 0 CPU seconds
INFO: [Project 1-479] Netlist was created with Vivado 2024.1
INFO: [Project 1-570] Preparing netlist for logic optimization
Parsing XDC File [E:/UOM/UOM_ACA_5/DSD/project/cache_group/cache_group.srcs/constrs_1/new/design_con.xdc]
Finished Parsing XDC File [E:/UOM/UOM_ACA_5/DSD/project/cache_group/cache_group.srcs/constrs_1/new/design_con.xdc]
INFO: [Opt 31-138] Pushed 0 inverter(s) to 0 load pin(s).
Netlist sorting complete. Time (s): cpu = 00:00:00 ; elapsed = 00:00:00.002 . Memory (MB): peak = 4336.188 ; gain = 0.000
INFO: [Project 1-111] Unisim Transformation Summary:
No Unisim elements were transformed.

open_run: Time (s): cpu = 00:00:06 ; elapsed = 00:00:06 . Memory (MB): peak = 4336.188 ; gain = 0.000
launch_runs impl_1 -jobs 8
Write ShapeDB Complete: Time (s): cpu = 00:00:00 ; elapsed = 00:00:00.008 . Memory (MB): peak = 4336.188 ; gain = 0.000
INFO: [Timing 38-480] Writing timing data to binary archive.
Wrote PlaceDB: Time (s): cpu = 00:00:00 ; elapsed = 00:00:00.031 . Memory (MB): peak = 4336.188 ; gain = 0.000
Wrote PulsedLatchDB: Time (s): cpu = 00:00:00 ; elapsed = 00:00:00.019 . Memory (MB): peak = 4336.188 ; gain = 0.000
Writing XDEF routing.
Writing XDEF routing logical nets.
Writing XDEF routing special nets.
Wrote RouteStorage: Time (s): cpu = 00:00:01 ; elapsed = 00:00:00.117 . Memory (MB): peak = 4336.188 ; gain = 0.000
Wrote Netlist Cache: Time (s): cpu = 00:00:00 ; elapsed = 00:00:00.001 . Memory (MB): peak = 4336.188 ; gain = 0.000
Wrote Device Cache: Time (s): cpu = 00:00:00 ; elapsed = 00:00:00.014 . Memory (MB): peak = 4336.188 ; gain = 0.000
Write Physdb Complete: Time (s): cpu = 00:00:01 ; elapsed = 00:00:00.323 . Memory (MB): peak = 4336.188 ; gain = 0.000
[Sat Dec 27 08:54:54 2025] Launched impl_1...
Run output will be captured here: E:/UOM/UOM_ACA_5/DSD/project/cache_group/cache_group.runs/impl_1/runme.log
close_design
open_run impl_1
Netlist sorting complete. Time (s): cpu = 00:00:00 ; elapsed = 00:00:00.055 . Memory (MB): peak = 4336.188 ; gain = 0.000
INFO: [Netlist 29-17] Analyzing 796 Unisim elements for replacement
INFO: [Netlist 29-28] Unisim Transformation completed in 0 CPU seconds
INFO: [Project 1-479] Netlist was created with Vivado 2024.1
INFO: [Project 1-570] Preparing netlist for logic optimization
Read ShapeDB Complete: Time (s): cpu = 00:00:00 ; elapsed = 00:00:00.024 . Memory (MB): peak = 4336.188 ; gain = 0.000
INFO: [Timing 38-478] Restoring timing data from binary archive.
INFO: [Timing 38-479] Binary timing data restore complete.
INFO: [Project 1-856] Restoring constraints from binary archive.
INFO: [Project 1-853] Binary constraint restore complete.
INFO: [Designutils 20-5722] Start Reading Physical Databases.
Reading placement.
Read Netlist Cache: Time (s): cpu = 00:00:00 ; elapsed = 00:00:00.012 . Memory (MB): peak = 4336.188 ; gain = 0.000
Reading placer database...
Read Device Cache: Time (s): cpu = 00:00:00 ; elapsed = 00:00:00.012 . Memory (MB): peak = 4336.188 ; gain = 0.000
Read PlaceDB: Time (s): cpu = 00:00:01 ; elapsed = 00:00:00.344 . Memory (MB): peak = 4336.188 ; gain = 0.000
Read PulsedLatchDB: Time (s): cpu = 00:00:00 ; elapsed = 00:00:00 . Memory (MB): peak = 4336.188 ; gain = 0.000
Reading routing.
Read RouteStorage: Time (s): cpu = 00:00:00 ; elapsed = 00:00:00.143 . Memory (MB): peak = 4336.188 ; gain = 0.000
Read Physdb Files: Time (s): cpu = 00:00:01 ; elapsed = 00:00:00.524 . Memory (MB): peak = 4336.188 ; gain = 0.000
Restored from archive | CPU: 1.000000 secs | Memory: 0.000000 MB |
Finished XDEF File Restore: Time (s): cpu = 00:00:01 ; elapsed = 00:00:00.525 . Memory (MB): peak = 4336.188 ; gain = 0.000
Netlist sorting complete. Time (s): cpu = 00:00:00 ; elapsed = 00:00:00.003 . Memory (MB): peak = 4336.188 ; gain = 0.000
INFO: [Project 1-111] Unisim Transformation Summary:
No Unisim elements were transformed.

open_run: Time (s): cpu = 00:00:11 ; elapsed = 00:00:11 . Memory (MB): peak = 4336.188 ; gain = 0.000
WARNING: [Timing 38-313] There are no user specified timing constraints. Timing constraints are needed for proper timing analysis.
launch_runs impl_1 -to_step write_bitstream -jobs 8
[Sat Dec 27 08:58:28 2025] Launched impl_1...
Run output will be captured here: E:/UOM/UOM_ACA_5/DSD/project/cache_group/cache_group.runs/impl_1/runme.log
open_hw_manager
open_run synth_1 -name synth_1
Design is defaulting to impl run constrset: constrs_1
Design is defaulting to synth run part: xc7z010clg400-1
INFO: [Project 1-454] Reading design checkpoint 'e:/UOM/UOM_ACA_5/DSD/project/cache_group/cache_group.gen/sources_1/ip/blk_mem_gen_1/blk_mem_gen_1.dcp' for cell 'mem_ctrl_inst/my_bram'
Netlist sorting complete. Time (s): cpu = 00:00:00 ; elapsed = 00:00:00.058 . Memory (MB): peak = 4336.188 ; gain = 0.000
INFO: [Netlist 29-17] Analyzing 796 Unisim elements for replacement
INFO: [Netlist 29-28] Unisim Transformation completed in 0 CPU seconds
INFO: [Project 1-479] Netlist was created with Vivado 2024.1
INFO: [Project 1-570] Preparing netlist for logic optimization
Parsing XDC File [E:/UOM/UOM_ACA_5/DSD/project/cache_group/cache_group.srcs/constrs_1/new/design_con.xdc]
Finished Parsing XDC File [E:/UOM/UOM_ACA_5/DSD/project/cache_group/cache_group.srcs/constrs_1/new/design_con.xdc]
INFO: [Opt 31-138] Pushed 0 inverter(s) to 0 load pin(s).
Netlist sorting complete. Time (s): cpu = 00:00:00 ; elapsed = 00:00:00.002 . Memory (MB): peak = 4336.188 ; gain = 0.000
INFO: [Project 1-111] Unisim Transformation Summary:
No Unisim elements were transformed.

connect_hw_server -allow_non_jtag
INFO: [Labtools 27-2285] Connecting to hw_server url TCP:localhost:3121
INFO: [Labtools 27-2222] Launching hw_server...
INFO: [Labtools 27-2221] Launch Output:

****** Xilinx hw_server v2024.1.0
  **** Build date : Mar  6 2024 at 20:50:54
    ** Copyright 1986-2022 Xilinx, Inc. All Rights Reserved.


INFO: [Labtools 27-3415] Connecting to cs_server url TCP:localhost:0
INFO: [Labtools 27-3417] Launching cs_server...
INFO: [Labtools 27-2221] Launch Output:


******** Xilinx cs_server v2024.1.0
  ****** Build date   : Mar 09 2024-05:30:37
    **** Build number : 2024.1.1709942437
      ** Copyright 2017-2022 Xilinx, Inc. All Rights Reserved.
      ** Copyright 2022-2025 Advanced Micro Devices, Inc. All Rights Reserved.



connect_hw_server: Time (s): cpu = 00:00:01 ; elapsed = 00:00:08 . Memory (MB): peak = 4336.188 ; gain = 0.000
open_hw_target
INFO: [Labtoolstcl 44-466] Opening hw_target localhost:3121/xilinx_tcf/Digilent/210279545336A
open_hw_target: Time (s): cpu = 00:00:00 ; elapsed = 00:00:06 . Memory (MB): peak = 4336.188 ; gain = 0.000
set_property PROGRAM.FILE {E:/UOM/UOM_ACA_5/DSD/project/cache_group/cache_group.runs/impl_1/FPGACacheSystem.bit} [get_hw_devices xc7z010_1]
current_hw_device [get_hw_devices xc7z010_1]
refresh_hw_device -update_hw_probes false [lindex [get_hw_devices xc7z010_1] 0]
INFO: [Labtools 27-1435] Device xc7z010 (JTAG device index = 1) is not programmed (DONE status = 0).
set_property PROBES.FILE {} [get_hw_devices xc7z010_1]
set_property FULL_PROBES.FILE {} [get_hw_devices xc7z010_1]
set_property PROGRAM.FILE {E:/UOM/UOM_ACA_5/DSD/project/cache_group/cache_group.runs/impl_1/FPGACacheSystem.bit} [get_hw_devices xc7z010_1]
program_hw_devices [get_hw_devices xc7z010_1]
INFO: [Labtools 27-3164] End of startup status: HIGH
refresh_hw_device [lindex [get_hw_devices xc7z010_1] 0]
INFO: [Labtools 27-1434] Device xc7z010 (JTAG device index = 1) is programmed with a design that has no supported debug core(s) in it.
set_property PROBES.FILE {} [get_hw_devices xc7z010_1]
set_property FULL_PROBES.FILE {} [get_hw_devices xc7z010_1]
set_property PROGRAM.FILE {E:/UOM/UOM_ACA_5/DSD/project/cache_group/cache_group.runs/impl_1/FPGACacheSystem.bit} [get_hw_devices xc7z010_1]
program_hw_devices [get_hw_devices xc7z010_1]
INFO: [Labtools 27-3164] End of startup status: HIGH
refresh_hw_device [lindex [get_hw_devices xc7z010_1] 0]
INFO: [Labtools 27-1434] Device xc7z010 (JTAG device index = 1) is programmed with a design that has no supported debug core(s) in it.
set_property PROBES.FILE {} [get_hw_devices xc7z010_1]
set_property FULL_PROBES.FILE {} [get_hw_devices xc7z010_1]
set_property PROGRAM.FILE {E:/UOM/UOM_ACA_5/DSD/project/cache_group/cache_group.runs/impl_1/FPGACacheSystem.bit} [get_hw_devices xc7z010_1]
program_hw_devices [get_hw_devices xc7z010_1]
INFO: [Labtools 27-3164] End of startup status: HIGH
refresh_hw_device [lindex [get_hw_devices xc7z010_1] 0]
INFO: [Labtools 27-1434] Device xc7z010 (JTAG device index = 1) is programmed with a design that has no supported debug core(s) in it.
set_property PROBES.FILE {} [get_hw_devices xc7z010_1]
set_property FULL_PROBES.FILE {} [get_hw_devices xc7z010_1]
set_property PROGRAM.FILE {E:/UOM/UOM_ACA_5/DSD/project/cache_group/cache_group.runs/impl_1/FPGACacheSystem.bit} [get_hw_devices xc7z010_1]
program_hw_devices [get_hw_devices xc7z010_1]
INFO: [Labtools 27-3164] End of startup status: HIGH
refresh_hw_device [lindex [get_hw_devices xc7z010_1] 0]
INFO: [Labtools 27-1434] Device xc7z010 (JTAG device index = 1) is programmed with a design that has no supported debug core(s) in it.
set_property PROBES.FILE {} [get_hw_devices xc7z010_1]
set_property FULL_PROBES.FILE {} [get_hw_devices xc7z010_1]
set_property PROGRAM.FILE {E:/UOM/UOM_ACA_5/DSD/project/cache_group/cache_group.runs/impl_1/FPGACacheSystem.bit} [get_hw_devices xc7z010_1]
program_hw_devices [get_hw_devices xc7z010_1]
INFO: [Labtools 27-3164] End of startup status: HIGH
refresh_hw_device [lindex [get_hw_devices xc7z010_1] 0]
INFO: [Labtools 27-1434] Device xc7z010 (JTAG device index = 1) is programmed with a design that has no supported debug core(s) in it.
ERROR: [Labtoolstcl 44-513] HW Target shutdown. Closing target: localhost:3121/xilinx_tcf/Digilent/210279545336A
INFO: [Labtoolstcl 44-466] Opening hw_target localhost:3121/xilinx_tcf/Digilent/210279545336A
WARNING: [Labtoolstcl 44-129] No matching hw_ila_data was found.
INFO: [Labtools 27-1435] Device xc7z010 (JTAG device index = 1) is not programmed (DONE status = 0).
WARNING: [Labtoolstcl 44-129] No matching hw_ila_data was found.
set_property PROBES.FILE {} [get_hw_devices xc7z010_1]
set_property FULL_PROBES.FILE {} [get_hw_devices xc7z010_1]
set_property PROGRAM.FILE {E:/UOM/UOM_ACA_5/DSD/project/cache_group/cache_group.runs/impl_1/FPGACacheSystem.bit} [get_hw_devices xc7z010_1]
program_hw_devices [get_hw_devices xc7z010_1]
INFO: [Labtools 27-3164] End of startup status: HIGH
refresh_hw_device [lindex [get_hw_devices xc7z010_1] 0]
INFO: [Labtools 27-1434] Device xc7z010 (JTAG device index = 1) is programmed with a design that has no supported debug core(s) in it.
exit
INFO: [Common 17-206] Exiting Vivado at Sat Dec 27 11:59:52 2025...
