#-----------------------------------------------------------
# Vivado v2024.1 (64-bit)
# SW Build 5076996 on Wed May 22 18:37:14 MDT 2024
# IP Build 5075265 on Wed May 22 21:45:21 MDT 2024
# SharedData Build 5076995 on Wed May 22 18:29:18 MDT 2024
# Start of session at: Sat Dec 27 23:12:55 2025
# Process ID: 18676
# Current directory: E:/UOM/UOM_ACA_5/DSD/project/cache_group
# Command line: vivado.exe -gui_launcher_event rodinguilauncherevent22940 E:\UOM\UOM_ACA_5\DSD\project\cache_group\cache_group.xpr
# Log file: E:/UOM/UOM_ACA_5/DSD/project/cache_group/vivado.log
# Journal file: E:/UOM/UOM_ACA_5/DSD/project/cache_group\vivado.jou
# Running On        :LAPTOP-UDU8USLV
# Platform          :Windows Server 2016 or Windows 10
# Operating System  :26100
# Processor Detail  :11th Gen Intel(R) Core(TM) i7-1165G7 @ 2.80GHz
# CPU Frequency     :2803 MHz
# CPU Physical cores:4
# CPU Logical cores :8
# Host memory       :8269 MB
# Swap memory       :13980 MB
# Total Virtual     :22249 MB
# Available Virtual :1457 MB
#-----------------------------------------------------------
start_gui
open_project E:/UOM/UOM_ACA_5/DSD/project/cache_group/cache_group.xpr
WARNING: [Board 49-91] Board repository path 'C:/Users/Bathiya' does not exist, it will not be used to search board files.
WARNING: [Board 49-91] Board repository path 'c:/Users/Bathiya' does not exist, it will not be used to search board files.
WARNING: [Board 49-91] Board repository path 'e:/FPGA_course/sequence_detect/ACA' does not exist, it will not be used to search board files.
WARNING: [Board 49-91] Board repository path 'e:/FPGA_course/sequence_detect/5/DSD/In' does not exist, it will not be used to search board files.
WARNING: [Board 49-91] Board repository path 'e:/FPGA_course/sequence_detect/class/overlapping_sequence_detector/Dissanayake/AppData/Roaming/Xilinx/Vivado/Dissanayake/AppData/Roaming/Xilinx/Vivado/Dissanayake/AppData/Roaming/Xilinx/Vivado/ACA' does not exist, it will not be used to search board files.
WARNING: [Board 49-91] Board repository path 'e:/FPGA_course/sequence_detect/class/overlapping_sequence_detector/Dissanayake/AppData/Roaming/Xilinx/Vivado/Dissanayake/AppData/Roaming/Xilinx/Vivado/Dissanayake/AppData/Roaming/Xilinx/Vivado/5/DSD/In' does not exist, it will not be used to search board files.
WARNING: [Board 49-91] Board repository path 'e:/FPGA_course/sequence_detect/class/overlapping_sequence_detector/Dissanayake/AppData/Roaming/Xilinx/Vivado/Dissanayake/AppData/Roaming/Xilinx/Vivado/Dissanayake/AppData/Roaming/Xilinx/Vivado/class/overlap_sequence_detector/ACA' does not exist, it will not be used to search board files.
WARNING: [Board 49-91] Board repository path 'e:/FPGA_course/sequence_detect/class/overlapping_sequence_detector/Dissanayake/AppData/Roaming/Xilinx/Vivado/Dissanayake/AppData/Roaming/Xilinx/Vivado/Dissanayake/AppData/Roaming/Xilinx/Vivado/class/overlap_sequence_detector/5/DSD/In' does not exist, it will not be used to search board files.
WARNING: [Board 49-91] Board repository path 'e:/FPGA_course/sequence_detect/class/overlapping_sequence_detector/Dissanayake/AppData/Roaming/Xilinx/Vivado/Dissanayake/AppData/Roaming/Xilinx/Vivado/Dissanayake/AppData/Roaming/Xilinx/Vivado/class/overlap_sequence_detector/class/overlap_sequence_detector/Dissanayake/AppData/Roaming/Xilinx/Vivado/ACA' does not exist, it will not be used to search board files.
WARNING: [Board 49-91] Board repository path 'e:/FPGA_course/sequence_detect/class/overlapping_sequence_detector/Dissanayake/AppData/Roaming/Xilinx/Vivado/Dissanayake/AppData/Roaming/Xilinx/Vivado/Dissanayake/AppData/Roaming/Xilinx/Vivado/class/overlap_sequence_detector/class/overlap_sequence_detector/Dissanayake/AppData/Roaming/Xilinx/Vivado/5/DSD/In' does not exist, it will not be used to search board files.
WARNING: [Board 49-91] Board repository path 'e:/FPGA_course/sequence_detect/class/overlapping_sequence_detector/Dissanayake/AppData/Roaming/Xilinx/Vivado/Dissanayake/AppData/Roaming/Xilinx/Vivado/Dissanayake/AppData/Roaming/Xilinx/Vivado/class/overlap_sequence_detector/class/overlap_sequence_detector/Dissanayake/AppData/Roaming/Xilinx/Vivado/class/overlap_sequence_detector/ACA' does not exist, it will not be used to search board files.
WARNING: [Board 49-91] Board repository path 'e:/FPGA_course/sequence_detect/class/overlapping_sequence_detector/Dissanayake/AppData/Roaming/Xilinx/Vivado/Dissanayake/AppData/Roaming/Xilinx/Vivado/Dissanayake/AppData/Roaming/Xilinx/Vivado/class/overlap_sequence_detector/class/overlap_sequence_detector/Dissanayake/AppData/Roaming/Xilinx/Vivado/class/overlap_sequence_detector/5/DSD/In' does not exist, it will not be used to search board files.
WARNING: [Board 49-91] Board repository path 'e:/FPGA_course/sequence_detect/class/overlapping_sequence_detector/Dissanayake/AppData/Roaming/Xilinx/Vivado/Dissanayake/AppData/Roaming/Xilinx/Vivado/Dissanayake/AppData/Roaming/Xilinx/Vivado/class/overlap_sequence_detector/class/overlap_sequence_detector/Dissanayake/AppData/Roaming/Xilinx/Vivado/class/overlap_sequence_detector/class/overlap_sequence_detector/Dissanayake/AppData/Roaming/Xilinx/Vivado/Dissanayake/AppData/Roaming/Xilinx/Vivado/Dissanayake/AppData/Roaming/Xilinx/Vivado/Dissanayake/AppData/Roaming/Xilinx/Vivado/Dissanayake/AppData/Roaming/Xilinx/Vivado/Dissanayake/AppData/Roaming/Xilinx/Vivado/Dissanayake/AppData/Roaming/Xilinx/Vivado/Dissanayake/AppData/Roaming/Xilinx/Vivado/Dissanayake/AppData/Roaming/Xilinx/Vivado/Dissanayake/AppData/Roaming/Xilinx/Vivado/Dissanayake/Downloads/vivado-boards-master/vivado-boards-master/new/board_files' does not exist, it will not be used to search board files.
WARNING: [Board 49-26] cannot add Board Part xilinx.com:kcu116:part0:1.4 available at E:/xillinx/Vivado/2024.1/data/xhub/boards/XilinxBoardStore/boards/Xilinx/kcu116/1.4/board.xml as part xcku5p-ffvb676-2-e specified in board_part file is either invalid or not available
WARNING: [Board 49-26] cannot add Board Part xilinx.com:kcu116:part0:1.5 available at E:/xillinx/Vivado/2024.1/data/xhub/boards/XilinxBoardStore/boards/Xilinx/kcu116/1.5/board.xml as part xcku5p-ffvb676-2-e specified in board_part file is either invalid or not available
WARNING: [Board 49-26] cannot add Board Part xilinx.com:vck190:part0:2.2 available at E:/xillinx/Vivado/2024.1/data/xhub/boards/XilinxBoardStore/boards/Xilinx/vck190/production/2.2/board.xml as part xcvc1902-vsva2197-2mp-e-s specified in board_part file is either invalid or not available
WARNING: [Board 49-26] cannot add Board Part xilinx.com:vck190:part0:3.0 available at E:/xillinx/Vivado/2024.1/data/xhub/boards/XilinxBoardStore/boards/Xilinx/vck190/production/3.0/board.xml as part xcvc1902-vsva2197-2mp-e-s specified in board_part file is either invalid or not available
WARNING: [Board 49-26] cannot add Board Part xilinx.com:vck190:part0:3.1 available at E:/xillinx/Vivado/2024.1/data/xhub/boards/XilinxBoardStore/boards/Xilinx/vck190/production/3.1/board.xml as part xcvc1902-vsva2197-2mp-e-s specified in board_part file is either invalid or not available
WARNING: [Board 49-26] cannot add Board Part xilinx.com:vck190:part0:3.2 available at E:/xillinx/Vivado/2024.1/data/xhub/boards/XilinxBoardStore/boards/Xilinx/vck190/production/3.2/board.xml as part xcvc1902-vsva2197-2mp-e-s specified in board_part file is either invalid or not available
WARNING: [Board 49-26] cannot add Board Part xilinx.com:vck190:part0:3.3 available at E:/xillinx/Vivado/2024.1/data/xhub/boards/XilinxBoardStore/boards/Xilinx/vck190/production/3.3/board.xml as part xcvc1902-vsva2197-2mp-e-s specified in board_part file is either invalid or not available
WARNING: [Board 49-26] cannot add Board Part xilinx.com:vck190_newl:part0:1.0 available at E:/xillinx/Vivado/2024.1/data/xhub/boards/XilinxBoardStore/boards/Xilinx/vck190_newl/production/1.0/board.xml as part xcvc1902-vsva2197-2mp-e-s specified in board_part file is either invalid or not available
WARNING: [Board 49-26] cannot add Board Part xilinx.com:vck190_newl:part0:1.1 available at E:/xillinx/Vivado/2024.1/data/xhub/boards/XilinxBoardStore/boards/Xilinx/vck190_newl/production/1.1/board.xml as part xcvc1902-vsva2197-2mp-e-s specified in board_part file is either invalid or not available
WARNING: [Board 49-26] cannot add Board Part xilinx.com:vck190_newl:part0:1.2 available at E:/xillinx/Vivado/2024.1/data/xhub/boards/XilinxBoardStore/boards/Xilinx/vck190_newl/production/1.2/board.xml as part xcvc1902-vsva2197-2mp-e-s specified in board_part file is either invalid or not available
WARNING: [Board 49-26] cannot add Board Part xilinx.com:vcu108:part0:1.6 available at E:/xillinx/Vivado/2024.1/data/xhub/boards/XilinxBoardStore/boards/Xilinx/vcu108/1.6/board.xml as part xcvu095-ffva2104-2-e specified in board_part file is either invalid or not available
WARNING: [Board 49-26] cannot add Board Part xilinx.com:vcu108:part0:1.7 available at E:/xillinx/Vivado/2024.1/data/xhub/boards/XilinxBoardStore/boards/Xilinx/vcu108/1.7/board.xml as part xcvu095-ffva2104-2-e specified in board_part file is either invalid or not available
WARNING: [Board 49-26] cannot add Board Part xilinx.com:vcu110:part0:1.4 available at E:/xillinx/Vivado/2024.1/data/xhub/boards/XilinxBoardStore/boards/Xilinx/vcu110/1.4/board.xml as part xcvu190-flgc2104-2-e specified in board_part file is either invalid or not available
WARNING: [Board 49-26] cannot add Board Part xilinx.com:vcu128:part0:1.0 available at E:/xillinx/Vivado/2024.1/data/xhub/boards/XilinxBoardStore/boards/Xilinx/vcu128/production/1.0/board.xml as part xcvu37p-fsvh2892-2l-e specified in board_part file is either invalid or not available
WARNING: [Board 49-26] cannot add Board Part xilinx.com:vcu129:part0:1.0 available at E:/xillinx/Vivado/2024.1/data/xhub/boards/XilinxBoardStore/boards/Xilinx/vcu129/production/1.0/board.xml as part xcvu29p-fsga2577-2l-e specified in board_part file is either invalid or not available
WARNING: [Board 49-26] cannot add Board Part xilinx.com:vek280:part0:1.0 available at E:/xillinx/Vivado/2024.1/data/xhub/boards/XilinxBoardStore/boards/Xilinx/vek280/production/1.0/board.xml as part xcve2802-vsvh1760-2mp-e-s specified in board_part file is either invalid or not available
WARNING: [Board 49-26] cannot add Board Part xilinx.com:vek280:part0:1.1 available at E:/xillinx/Vivado/2024.1/data/xhub/boards/XilinxBoardStore/boards/Xilinx/vek280/production/1.1/board.xml as part xcve2802-vsvh1760-2mp-e-s specified in board_part file is either invalid or not available
WARNING: [Board 49-26] cannot add Board Part xilinx.com:vek280:part0:1.2 available at E:/xillinx/Vivado/2024.1/data/xhub/boards/XilinxBoardStore/boards/Xilinx/vek280/production/1.2/board.xml as part xcve2802-vsvh1760-2mp-e-s specified in board_part file is either invalid or not available
WARNING: [Board 49-26] cannot add Board Part xilinx.com:vek280_es:part0:1.0 available at E:/xillinx/Vivado/2024.1/data/xhub/boards/XilinxBoardStore/boards/Xilinx/vek280/es/rev_a/1.0/board.xml as part xcve2802-vsvh1760-2lp-e-s-es1 specified in board_part file is either invalid or not available
WARNING: [Board 49-26] cannot add Board Part xilinx.com:vek280_es:part0:1.1 available at E:/xillinx/Vivado/2024.1/data/xhub/boards/XilinxBoardStore/boards/Xilinx/vek280/es/rev_a/1.1/board.xml as part xcve2802-vsvh1760-2lp-e-s-es1 specified in board_part file is either invalid or not available
WARNING: [Board 49-26] cannot add Board Part xilinx.com:vek280_es_revb:part0:1.0 available at E:/xillinx/Vivado/2024.1/data/xhub/boards/XilinxBoardStore/boards/Xilinx/vek280/es/rev_b/1.0/board.xml as part xcve2802-vsvh1760-2mp-e-s-es1 specified in board_part file is either invalid or not available
WARNING: [Board 49-26] cannot add Board Part xilinx.com:vek280_es_revb:part0:1.1 available at E:/xillinx/Vivado/2024.1/data/xhub/boards/XilinxBoardStore/boards/Xilinx/vek280/es/rev_b/1.1/board.xml as part xcve2802-vsvh1760-2mp-e-s-es1 specified in board_part file is either invalid or not available
WARNING: [Board 49-26] cannot add Board Part xilinx.com:vhk158:part0:1.0 available at E:/xillinx/Vivado/2024.1/data/xhub/boards/XilinxBoardStore/boards/Xilinx/vhk158/production/1.0/board.xml as part xcvh1582-vsva3697-2mp-e-s specified in board_part file is either invalid or not available
WARNING: [Board 49-26] cannot add Board Part xilinx.com:vhk158:part0:1.1 available at E:/xillinx/Vivado/2024.1/data/xhub/boards/XilinxBoardStore/boards/Xilinx/vhk158/production/1.1/board.xml as part xcvh1582-vsva3697-2mp-e-s specified in board_part file is either invalid or not available
WARNING: [Board 49-26] cannot add Board Part xilinx.com:vhk158_es:part0:1.0 available at E:/xillinx/Vivado/2024.1/data/xhub/boards/XilinxBoardStore/boards/Xilinx/vhk158/es/1.0/board.xml as part xcvh1582-vsva3697-2mp-e-s-es1 specified in board_part file is either invalid or not available
WARNING: [Board 49-26] cannot add Board Part xilinx.com:vhk158_es:part0:1.1 available at E:/xillinx/Vivado/2024.1/data/xhub/boards/XilinxBoardStore/boards/Xilinx/vhk158/es/1.1/board.xml as part xcvh1582-vsva3697-2mp-e-s-es1 specified in board_part file is either invalid or not available
WARNING: [Board 49-26] cannot add Board Part xilinx.com:vmk180:part0:2.2 available at E:/xillinx/Vivado/2024.1/data/xhub/boards/XilinxBoardStore/boards/Xilinx/vmk180/production/2.2/board.xml as part xcvm1802-vsva2197-2mp-e-s specified in board_part file is either invalid or not available
WARNING: [Board 49-26] cannot add Board Part xilinx.com:vmk180:part0:3.0 available at E:/xillinx/Vivado/2024.1/data/xhub/boards/XilinxBoardStore/boards/Xilinx/vmk180/production/3.0/board.xml as part xcvm1802-vsva2197-2mp-e-s specified in board_part file is either invalid or not available
WARNING: [Board 49-26] cannot add Board Part xilinx.com:vmk180:part0:3.1 available at E:/xillinx/Vivado/2024.1/data/xhub/boards/XilinxBoardStore/boards/Xilinx/vmk180/production/3.1/board.xml as part xcvm1802-vsva2197-2mp-e-s specified in board_part file is either invalid or not available
WARNING: [Board 49-26] cannot add Board Part xilinx.com:vmk180:part0:3.2 available at E:/xillinx/Vivado/2024.1/data/xhub/boards/XilinxBoardStore/boards/Xilinx/vmk180/production/3.2/board.xml as part xcvm1802-vsva2197-2mp-e-s specified in board_part file is either invalid or not available
WARNING: [Board 49-26] cannot add Board Part xilinx.com:vmk180_newl:part0:1.0 available at E:/xillinx/Vivado/2024.1/data/xhub/boards/XilinxBoardStore/boards/Xilinx/vmk180_newl/production/1.0/board.xml as part xcvm1802-vsva2197-2mp-e-s specified in board_part file is either invalid or not available
WARNING: [Board 49-26] cannot add Board Part xilinx.com:vmk180_newl:part0:1.1 available at E:/xillinx/Vivado/2024.1/data/xhub/boards/XilinxBoardStore/boards/Xilinx/vmk180_newl/production/1.1/board.xml as part xcvm1802-vsva2197-2mp-e-s specified in board_part file is either invalid or not available
WARNING: [Board 49-26] cannot add Board Part xilinx.com:vpk120:part0:1.0 available at E:/xillinx/Vivado/2024.1/data/xhub/boards/XilinxBoardStore/boards/Xilinx/vpk120/production/1.0/board.xml as part xcvp1202-vsva2785-2mp-e-s specified in board_part file is either invalid or not available
WARNING: [Board 49-26] cannot add Board Part xilinx.com:vpk120:part0:1.1 available at E:/xillinx/Vivado/2024.1/data/xhub/boards/XilinxBoardStore/boards/Xilinx/vpk120/production/1.1/board.xml as part xcvp1202-vsva2785-2mp-e-s specified in board_part file is either invalid or not available
WARNING: [Board 49-26] cannot add Board Part xilinx.com:vpk120:part0:1.2 available at E:/xillinx/Vivado/2024.1/data/xhub/boards/XilinxBoardStore/boards/Xilinx/vpk120/production/1.2/board.xml as part xcvp1202-vsva2785-2mp-e-s specified in board_part file is either invalid or not available
WARNING: [Board 49-26] cannot add Board Part xilinx.com:vpk180:part0:1.0 available at E:/xillinx/Vivado/2024.1/data/xhub/boards/XilinxBoardStore/boards/Xilinx/vpk180/production/1.0/board.xml as part xcvp1802-lsvc4072-2mp-e-s specified in board_part file is either invalid or not available
WARNING: [Board 49-26] cannot add Board Part xilinx.com:vpk180:part0:1.1 available at E:/xillinx/Vivado/2024.1/data/xhub/boards/XilinxBoardStore/boards/Xilinx/vpk180/production/1.1/board.xml as part xcvp1802-lsvc4072-2mp-e-s specified in board_part file is either invalid or not available
WARNING: [Board 49-26] cannot add Board Part xilinx.com:vpk180:part0:1.2 available at E:/xillinx/Vivado/2024.1/data/xhub/boards/XilinxBoardStore/boards/Xilinx/vpk180/production/1.2/board.xml as part xcvp1802-lsvc4072-2mp-e-s specified in board_part file is either invalid or not available
WARNING: [Board 49-26] cannot add Board Part xilinx.com:zcu208ld:part0:2.0 available at E:/xillinx/Vivado/2024.1/data/xhub/boards/XilinxBoardStore/boards/Xilinx/zcu208ld/production/2.0/board.xml as part xczu58dr-fsvg1517-2-i specified in board_part file is either invalid or not available
WARNING: [Board 49-26] cannot add Board Part xilinx.com:zcu216ld:part0:2.0 available at E:/xillinx/Vivado/2024.1/data/xhub/boards/XilinxBoardStore/boards/Xilinx/zcu216ld/production/2.0/board.xml as part xczu59dr-ffvf1760-2-i specified in board_part file is either invalid or not available
WARNING: [Board 49-26] cannot add Board Part xilinx.com:zcu670ld:part0:1.0 available at E:/xillinx/Vivado/2024.1/data/xhub/boards/XilinxBoardStore/boards/Xilinx/zcu670ld/1.0/board.xml as part xczu57dr-fsve1156-2-i specified in board_part file is either invalid or not available
WARNING: [Board 49-91] Board repository path 'C:/Users/Bathiya' does not exist, it will not be used to search board files.
WARNING: [Board 49-91] Board repository path 'c:/Users/Bathiya' does not exist, it will not be used to search board files.
WARNING: [Board 49-91] Board repository path 'e:/FPGA_course/sequence_detect/ACA' does not exist, it will not be used to search board files.
WARNING: [Board 49-91] Board repository path 'e:/FPGA_course/sequence_detect/5/DSD/In' does not exist, it will not be used to search board files.
WARNING: [Board 49-91] Board repository path 'e:/FPGA_course/sequence_detect/class/overlapping_sequence_detector/Dissanayake/AppData/Roaming/Xilinx/Vivado/Dissanayake/AppData/Roaming/Xilinx/Vivado/Dissanayake/AppData/Roaming/Xilinx/Vivado/ACA' does not exist, it will not be used to search board files.
WARNING: [Board 49-91] Board repository path 'e:/FPGA_course/sequence_detect/class/overlapping_sequence_detector/Dissanayake/AppData/Roaming/Xilinx/Vivado/Dissanayake/AppData/Roaming/Xilinx/Vivado/Dissanayake/AppData/Roaming/Xilinx/Vivado/5/DSD/In' does not exist, it will not be used to search board files.
WARNING: [Board 49-91] Board repository path 'e:/FPGA_course/sequence_detect/class/overlapping_sequence_detector/Dissanayake/AppData/Roaming/Xilinx/Vivado/Dissanayake/AppData/Roaming/Xilinx/Vivado/Dissanayake/AppData/Roaming/Xilinx/Vivado/class/overlap_sequence_detector/ACA' does not exist, it will not be used to search board files.
WARNING: [Board 49-91] Board repository path 'e:/FPGA_course/sequence_detect/class/overlapping_sequence_detector/Dissanayake/AppData/Roaming/Xilinx/Vivado/Dissanayake/AppData/Roaming/Xilinx/Vivado/Dissanayake/AppData/Roaming/Xilinx/Vivado/class/overlap_sequence_detector/5/DSD/In' does not exist, it will not be used to search board files.
WARNING: [Board 49-91] Board repository path 'e:/FPGA_course/sequence_detect/class/overlapping_sequence_detector/Dissanayake/AppData/Roaming/Xilinx/Vivado/Dissanayake/AppData/Roaming/Xilinx/Vivado/Dissanayake/AppData/Roaming/Xilinx/Vivado/class/overlap_sequence_detector/class/overlap_sequence_detector/Dissanayake/AppData/Roaming/Xilinx/Vivado/ACA' does not exist, it will not be used to search board files.
WARNING: [Board 49-91] Board repository path 'e:/FPGA_course/sequence_detect/class/overlapping_sequence_detector/Dissanayake/AppData/Roaming/Xilinx/Vivado/Dissanayake/AppData/Roaming/Xilinx/Vivado/Dissanayake/AppData/Roaming/Xilinx/Vivado/class/overlap_sequence_detector/class/overlap_sequence_detector/Dissanayake/AppData/Roaming/Xilinx/Vivado/5/DSD/In' does not exist, it will not be used to search board files.
WARNING: [Board 49-91] Board repository path 'e:/FPGA_course/sequence_detect/class/overlapping_sequence_detector/Dissanayake/AppData/Roaming/Xilinx/Vivado/Dissanayake/AppData/Roaming/Xilinx/Vivado/Dissanayake/AppData/Roaming/Xilinx/Vivado/class/overlap_sequence_detector/class/overlap_sequence_detector/Dissanayake/AppData/Roaming/Xilinx/Vivado/class/overlap_sequence_detector/ACA' does not exist, it will not be used to search board files.
WARNING: [Board 49-91] Board repository path 'e:/FPGA_course/sequence_detect/class/overlapping_sequence_detector/Dissanayake/AppData/Roaming/Xilinx/Vivado/Dissanayake/AppData/Roaming/Xilinx/Vivado/Dissanayake/AppData/Roaming/Xilinx/Vivado/class/overlap_sequence_detector/class/overlap_sequence_detector/Dissanayake/AppData/Roaming/Xilinx/Vivado/class/overlap_sequence_detector/5/DSD/In' does not exist, it will not be used to search board files.
WARNING: [Board 49-91] Board repository path 'e:/FPGA_course/sequence_detect/class/overlapping_sequence_detector/Dissanayake/AppData/Roaming/Xilinx/Vivado/Dissanayake/AppData/Roaming/Xilinx/Vivado/Dissanayake/AppData/Roaming/Xilinx/Vivado/class/overlap_sequence_detector/class/overlap_sequence_detector/Dissanayake/AppData/Roaming/Xilinx/Vivado/class/overlap_sequence_detector/class/overlap_sequence_detector/Dissanayake/AppData/Roaming/Xilinx/Vivado/Dissanayake/AppData/Roaming/Xilinx/Vivado/Dissanayake/AppData/Roaming/Xilinx/Vivado/Dissanayake/AppData/Roaming/Xilinx/Vivado/Dissanayake/AppData/Roaming/Xilinx/Vivado/Dissanayake/AppData/Roaming/Xilinx/Vivado/Dissanayake/AppData/Roaming/Xilinx/Vivado/Dissanayake/AppData/Roaming/Xilinx/Vivado/Dissanayake/AppData/Roaming/Xilinx/Vivado/Dissanayake/AppData/Roaming/Xilinx/Vivado/Dissanayake/Downloads/vivado-boards-master/vivado-boards-master/new/board_files' does not exist, it will not be used to search board files.
Scanning sources...
Finished scanning sources
INFO: [IP_Flow 19-234] Refreshing IP repositories
INFO: [IP_Flow 19-1704] No user IP repositories specified
INFO: [IP_Flow 19-2313] Loaded Vivado IP repository 'E:/xillinx/Vivado/2024.1/data/ip'.
open_project: Time (s): cpu = 00:00:47 ; elapsed = 00:00:32 . Memory (MB): peak = 1620.520 ; gain = 480.871
update_compile_order -fileset sources_1
exit
INFO: [Common 17-206] Exiting Vivado at Sun Dec 28 09:43:56 2025...
