Copyright 1986-2022 Xilinx, Inc. All Rights Reserved. Copyright 2022-2025 Advanced Micro Devices, Inc. All Rights Reserved.
---------------------------------------------------------------------------------------------------------------------------------------------
| Tool Version : Vivado v.2025.1 (win64) Build 6140274 Thu May 22 00:12:29 MDT 2025
| Date         : Thu Dec 25 13:54:38 2025
| Host         : DESKTOP-087OT34 running 64-bit major release  (build 9200)
| Command      : report_control_sets -verbose -file top_uart_rx_tx_control_sets_placed.rpt
| Design       : top_uart_rx_tx
| Device       : xc7z010
---------------------------------------------------------------------------------------------------------------------------------------------

Control Set Information

Table of Contents
-----------------
1. Summary
2. Histogram
3. Flip-Flop Distribution
4. Detailed Control Set Information

1. Summary
----------

+----------------------------------------------------------+-------+
|                          Status                          | Count |
+----------------------------------------------------------+-------+
| Total control sets                                       |    13 |
|    Minimum number of control sets                        |    13 |
|    Addition due to synthesis replication                 |     0 |
|    Addition due to physical synthesis replication        |     0 |
| Unused register locations in slices containing registers |    27 |
+----------------------------------------------------------+-------+
* Control sets can be merged at opt_design using control_set_merge or merge_equivalent_drivers
** Run report_qor_suggestions for automated merging and remapping suggestions


2. Histogram
------------

+--------------------+-------+
|       Fanout       | Count |
+--------------------+-------+
| Total control sets |    13 |
| >= 0 to < 4        |     1 |
| >= 4 to < 6        |     2 |
| >= 6 to < 8        |     1 |
| >= 8 to < 10       |     5 |
| >= 10 to < 12      |     0 |
| >= 12 to < 14      |     0 |
| >= 14 to < 16      |     0 |
| >= 16              |     4 |
+--------------------+-------+
* Control sets can be remapped at either synth_design or opt_design


3. Flip-Flop Distribution
-------------------------

+--------------+-----------------------+------------------------+-----------------+--------------+
| Clock Enable | Synchronous Set/Reset | Asynchronous Set/Reset | Total Registers | Total Slices |
+--------------+-----------------------+------------------------+-----------------+--------------+
| No           | No                    | No                     |              31 |           11 |
| No           | No                    | Yes                    |              33 |           12 |
| No           | Yes                   | No                     |               0 |            0 |
| Yes          | No                    | No                     |              78 |           15 |
| Yes          | No                    | Yes                    |               0 |            0 |
| Yes          | Yes                   | No                     |              47 |            9 |
+--------------+-----------------------+------------------------+-----------------+--------------+


4. Detailed Control Set Information
-----------------------------------

+----------------+----------------------------------------------+---------------------------------------+------------------+----------------+--------------+
|  Clock Signal  |                 Enable Signal                |            Set/Reset Signal           | Slice Load Count | Bel Load Count | Bels / Slice |
+----------------+----------------------------------------------+---------------------------------------+------------------+----------------+--------------+
|  newClk_BUFG   | uart_tx_inst/r_SM_Main__0[2]                 |                                       |                1 |              1 |         1.00 |
|  newClk_BUFG   | uart_tx_inst/r_Clock_Count                   | uart_tx_inst/r_Clock_Count0           |                1 |              4 |         4.00 |
|  newClk_BUFG   | uart_rx_inst/FSM_onehot_r_SM_Main[4]_i_1_n_0 |                                       |                1 |              5 |         5.00 |
|  newClk_BUFG   | uart_rx_inst/r_Clock_Count                   | uart_rx_inst/r_Clock_Count[7]_i_1_n_0 |                2 |              7 |         3.50 |
|  newClk_BUFG   | uart_rx_inst/o_Rx_Word[15]_i_1_n_0           |                                       |                1 |              8 |         8.00 |
|  newClk_BUFG   | uart_rx_inst/o_Rx_Word[23]_i_1_n_0           |                                       |                2 |              8 |         4.00 |
|  newClk_BUFG   | uart_rx_inst/o_Rx_Word[7]_i_1_n_0            |                                       |                1 |              8 |         8.00 |
|  newClk_BUFG   | uart_rx_inst/o_Rx_Word[31]_i_1_n_0           |                                       |                1 |              8 |         8.00 |
|  newClk_BUFG   | uart_tx_inst/r_Tx_Byte                       |                                       |                2 |              8 |         4.00 |
|  newClk_BUFG   |                                              |                                       |               11 |             31 |         2.82 |
|  newClk_BUFG   | uart_tx_inst/r_Tx_Word                       |                                       |                6 |             32 |         5.33 |
|  clk_IBUF_BUFG |                                              | reset_IBUF                            |               12 |             33 |         2.75 |
|  newClk_BUFG   | uart_rx_inst/E[0]                            | reset_IBUF                            |                6 |             36 |         6.00 |
+----------------+----------------------------------------------+---------------------------------------+------------------+----------------+--------------+


